<?xml version="1.0" encoding="UTF-8"?>
<!-- Generated by org.testng.reporters.JUnitReportReporter -->
<testsuite hostname="LAPTOP-MO78ICT9" name="com.cleartrip.testcases.HomePageTest" tests="1" failures="0" timestamp="7 Jan 2021 05:36:00 GMT" time="220.835" errors="0">
  <testcase name="enteringFlightDetails" time="220.835" classname="com.cleartrip.testcases.HomePageTest"/>
</testsuite> <!-- com.cleartrip.testcases.HomePageTest -->
