<?xml version="1.0" encoding="UTF-8"?>
<!-- Generated by org.testng.reporters.JUnitReportReporter -->
<testsuite hostname="LAPTOP-MO78ICT9" name="com.cleartrip.testcases.FlightResultPageTest" tests="1" failures="1" timestamp="6 Jan 2021 23:08:40 GMT" time="11.017" errors="0">
  <testcase name="bookingFlight" time="11.017" classname="com.cleartrip.testcases.FlightResultPageTest">
    <failure type="java.lang.StackOverflowError">
      <![CDATA[java.lang.StackOverflowError
	at com.cleartrip.pageobjects.FlightResultPage.<init>(FlightResultPage.java:18)
	at com.cleartrip.pageobjects.FlightResultPage.<init>(FlightResultPage.java:18)
	at com.cleartrip.pageobjects.FlightResultPage.<init>(FlightResultPage.java:18)
	at com.cleartrip.pageobjects.FlightResultPage.<init>(FlightResultPage.java:18)
	at com.cleartrip.pageobjects.FlightResultPage.<init>(FlightResultPage.java:18)
	at com.cleartrip.pageobjects.FlightResultPage.<init>(FlightResultPage.java:18)
	at com.cleartrip.pageobjects.FlightResultPage.<init>(FlightResultPage.java:18)
	at com.cleartrip.pageobjects.FlightResultPage.<init>(FlightResultPage.java:18)
	at com.cleartrip.pageobjects.FlightResultPage.<init>(FlightResultPage.java:18)
	at com.cleartrip.pageobjects.FlightResultPage.<init>(FlightResultPage.java:18)
	at com.cleartrip.pageobjects.FlightResultPage.<init>(FlightResultPage.java:18)
	at com.cleartrip.pageobjects.FlightResultPage.<init>(FlightResultPage.java:18)
	at com.cleartrip.pageobjects.FlightResultPage.<init>(FlightResultPage.java:18)
	at com.cleartrip.pageobjects.FlightResultPage.<init>(FlightResultPage.java:18)
	at com.cleartrip.pageobjects.FlightResultPage.<init>(FlightResultPage.java:18)
	at com.cleartrip.pageobjects.FlightResultPage.<init>(FlightResultPage.java:18)
	at com.cleartrip.pageobjects.FlightResultPage.<init>(FlightResultPage.java:18)
	at com.cleartrip.pageobjects.FlightResultPage.<init>(FlightResultPage.java:18)
	at com.cleartrip.pageobjects.FlightResultPage.<init>(FlightResultPage.java:18)
	at com.cleartrip.pageobjects.FlightResultPage.<init>(FlightResultPage.java:18)
	at com.cleartrip.pageobjects.FlightResultPage.<init>(FlightResultPage.java:18)
	at com.cleartrip.pageobjects.FlightResultPage.<init>(FlightResultPage.java:18)
	at com.cleartrip.pageobjects.FlightResultPage.<init>(FlightResultPage.java:18)
	at com.cleartrip.pageobjects.FlightResultPage.<init>(FlightResultPage.java:18)
	at com.cleartrip.pageobjects.FlightResultPage.<init>(FlightResultPage.java:18)
	at com.cleartrip.pageobjects.FlightResultPage.<init>(FlightResultPage.java:18)
	at com.cleartrip.pageobjects.FlightResultPage.<init>(FlightResultPage.java:18)
	at com.cleartrip.pageobjects.FlightResultPage.<init>(FlightResultPage.java:18)
	at com.cleartrip.pageobjects.FlightResultPage.<init>(FlightResultPage.java:18)
	at com.cleartrip.pageobjects.FlightResultPage.<init>(FlightResultPage.java:18)
	at com.cleartrip.pageobjects.FlightResultPage.<init>(FlightResultPage.java:18)
	at com.cleartrip.pageobjects.FlightResultPage.<init>(FlightResultPage.java:18)
	at com.cleartrip.pageobjects.FlightResultPage.<init>(FlightResultPage.java:18)
	at com.cleartrip.pageobjects.FlightResultPage.<init>(FlightResultPage.java:18)
	at com.cleartrip.pageobjects.FlightResultPage.<init>(FlightResultPage.java:18)
	at com.cleartrip.pageobjects.FlightResultPage.<init>(FlightResultPage.java:18)
	at com.cleartrip.pageobjects.FlightResultPage.<init>(FlightResultPage.java:18)
	at com.cleartrip.pageobjects.FlightResultPage.<init>(FlightResultPage.java:18)
	at com.cleartrip.pageobjects.FlightResultPage.<init>(FlightResultPage.java:18)
	at com.cleartrip.pageobjects.FlightResultPage.<init>(FlightResultPage.java:18)
	at com.cleartrip.pageobjects.FlightResultPage.<init>(FlightResultPage.java:18)
	at com.cleartrip.pageobjects.FlightResultPage.<init>(FlightResultPage.java:18)
	at com.cleartrip.pageobjects.FlightResultPage.<init>(FlightResultPage.java:18)
	at com.cleartrip.pageobjects.FlightResultPage.<init>(FlightResultPage.java:18)
	at com.cleartrip.pageobjects.FlightResultPage.<init>(FlightResultPage.java:18)
	at com.cleartrip.pageobjects.FlightResultPage.<init>(FlightResultPage.java:18)
	at com.cleartrip.pageobjects.FlightResultPage.<init>(FlightResultPage.java:18)
	at com.cleartrip.pageobjects.FlightResultPage.<init>(FlightResultPage.java:18)
	at com.cleartrip.pageobjects.FlightResultPage.<init>(FlightResultPage.java:18)
	at com.cleartrip.pageobjects.FlightResultPage.<init>(FlightResultPage.java:18)
	at com.cleartrip.pageobjects.FlightResultPage.<init>(FlightResultPage.java:18)
	at com.cleartrip.pageobjects.FlightResultPage.<init>(FlightResultPage.java:18)
	at com.cleartrip.pageobjects.FlightResultPage.<init>(FlightResultPage.java:18)
	at com.cleartrip.pageobjects.FlightResultPage.<init>(FlightResultPage.java:18)
	at com.cleartrip.pageobjects.FlightResultPage.<init>(FlightResultPage.java:18)
	at com.cleartrip.pageobjects.FlightResultPage.<init>(FlightResultPage.java:18)
	at com.cleartrip.pageobjects.FlightResultPage.<init>(FlightResultPage.java:18)
	at com.cleartrip.pageobjects.FlightResultPage.<init>(FlightResultPage.java:18)
	at com.cleartrip.pageobjects.FlightResultPage.<init>(FlightResultPage.java:18)
	at com.cleartrip.pageobjects.FlightResultPage.<init>(FlightResultPage.java:18)
	at com.cleartrip.pageobjects.FlightResultPage.<init>(FlightResultPage.java:18)
	at com.cleartrip.pageobjects.FlightResultPage.<init>(FlightResultPage.java:18)
	at com.cleartrip.pageobjects.FlightResultPage.<init>(FlightResultPage.java:18)
	at com.cleartrip.pageobjects.FlightResultPage.<init>(FlightResultPage.java:18)
	at com.cleartrip.pageobjects.FlightResultPage.<init>(FlightResultPage.java:18)
	at com.cleartrip.pageobjects.FlightResultPage.<init>(FlightResultPage.java:18)
	at com.cleartrip.pageobjects.FlightResultPage.<init>(FlightResultPage.java:18)
	at com.cleartrip.pageobjects.FlightResultPage.<init>(FlightResultPage.java:18)
	at com.cleartrip.pageobjects.FlightResultPage.<init>(FlightResultPage.java:18)
	at com.cleartrip.pageobjects.FlightResultPage.<init>(FlightResultPage.java:18)
	at com.cleartrip.pageobjects.FlightResultPage.<init>(FlightResultPage.java:18)
	at com.cleartrip.pageobjects.FlightResultPage.<init>(FlightResultPage.java:18)
	at com.cleartrip.pageobjects.FlightResultPage.<init>(FlightResultPage.java:18)
	at com.cleartrip.pageobjects.FlightResultPage.<init>(FlightResultPage.java:18)
	at com.cleartrip.pageobjects.FlightResultPage.<init>(FlightResultPage.java:18)
	at com.cleartrip.pageobjects.FlightResultPage.<init>(FlightResultPage.java:18)
	at com.cleartrip.pageobjects.FlightResultPage.<init>(FlightResultPage.java:18)
	at com.cleartrip.pageobjects.FlightResultPage.<init>(FlightResultPage.java:18)
	at com.cleartrip.pageobjects.FlightResultPage.<init>(FlightResultPage.java:18)
	at com.cleartrip.pageobjects.FlightResultPage.<init>(FlightResultPage.java:18)
	at com.cleartrip.pageobjects.FlightResultPage.<init>(FlightResultPage.java:18)
	at com.cleartrip.pageobjects.FlightResultPage.<init>(FlightResultPage.java:18)
	at com.cleartrip.pageobjects.FlightResultPage.<init>(FlightResultPage.java:18)
	at com.cleartrip.pageobjects.FlightResultPage.<init>(FlightResultPage.java:18)
	at com.cleartrip.pageobjects.FlightResultPage.<init>(FlightResultPage.java:18)
	at com.cleartrip.pageobjects.FlightResultPage.<init>(FlightResultPage.java:18)
	at com.cleartrip.pageobjects.FlightResultPage.<init>(FlightResultPage.java:18)
	at com.cleartrip.pageobjects.FlightResultPage.<init>(FlightResultPage.java:18)
	at com.cleartrip.pageobjects.FlightResultPage.<init>(FlightResultPage.java:18)
	at com.cleartrip.pageobjects.FlightResultPage.<init>(FlightResultPage.java:18)
	at com.cleartrip.pageobjects.FlightResultPage.<init>(FlightResultPage.java:18)
	at com.cleartrip.pageobjects.FlightResultPage.<init>(FlightResultPage.java:18)
	at com.cleartrip.pageobjects.FlightResultPage.<init>(FlightResultPage.java:18)
	at com.cleartrip.pageobjects.FlightResultPage.<init>(FlightResultPage.java:18)
	at com.cleartrip.pageobjects.FlightResultPage.<init>(FlightResultPage.java:18)
	at com.cleartrip.pageobjects.FlightResultPage.<init>(FlightResultPage.java:18)
	at com.cleartrip.pageobjects.FlightResultPage.<init>(FlightResultPage.java:18)
	at com.cleartrip.pageobjects.FlightResultPage.<init>(FlightResultPage.java:18)
	at com.cleartrip.pageobjects.FlightResultPage.<init>(FlightResultPage.java:18)
	at com.cleartrip.pageobjects.FlightResultPage.<init>(FlightResultPage.java:18)
	at com.cleartrip.pageobjects.FlightResultPage.<init>(FlightResultPage.java:18)
	at com.cleartrip.pageobjects.FlightResultPage.<init>(FlightResultPage.java:18)
	at com.cleartrip.pageobjects.FlightResultPage.<init>(FlightResultPage.java:18)
	at com.cleartrip.pageobjects.FlightResultPage.<init>(FlightResultPage.java:18)
	at com.cleartrip.pageobjects.FlightResultPage.<init>(FlightResultPage.java:18)
	at com.cleartrip.pageobjects.FlightResultPage.<init>(FlightResultPage.java:18)
	at com.cleartrip.pageobjects.FlightResultPage.<init>(FlightResultPage.java:18)
	at com.cleartrip.pageobjects.FlightResultPage.<init>(FlightResultPage.java:18)
	at com.cleartrip.pageobjects.FlightResultPage.<init>(FlightResultPage.java:18)
	at com.cleartrip.pageobjects.FlightResultPage.<init>(FlightResultPage.java:18)
	at com.cleartrip.pageobjects.FlightResultPage.<init>(FlightResultPage.java:18)
	at com.cleartrip.pageobjects.FlightResultPage.<init>(FlightResultPage.java:18)
	at com.cleartrip.pageobjects.FlightResultPage.<init>(FlightResultPage.java:18)
	at com.cleartrip.pageobjects.FlightResultPage.<init>(FlightResultPage.java:18)
	at com.cleartrip.pageobjects.FlightResultPage.<init>(FlightResultPage.java:18)
	at com.cleartrip.pageobjects.FlightResultPage.<init>(FlightResultPage.java:18)
	at com.cleartrip.pageobjects.FlightResultPage.<init>(FlightResultPage.java:18)
	at com.cleartrip.pageobjects.FlightResultPage.<init>(FlightResultPage.java:18)
	at com.cleartrip.pageobjects.FlightResultPage.<init>(FlightResultPage.java:18)
	at com.cleartrip.pageobjects.FlightResultPage.<init>(FlightResultPage.java:18)
	at com.cleartrip.pageobjects.FlightResultPage.<init>(FlightResultPage.java:18)
	at com.cleartrip.pageobjects.FlightResultPage.<init>(FlightResultPage.java:18)
	at com.cleartrip.pageobjects.FlightResultPage.<init>(FlightResultPage.java:18)
	at com.cleartrip.pageobjects.FlightResultPage.<init>(FlightResultPage.java:18)
	at com.cleartrip.pageobjects.FlightResultPage.<init>(FlightResultPage.java:18)
	at com.cleartrip.pageobjects.FlightResultPage.<init>(FlightResultPage.java:18)
	at com.cleartrip.pageobjects.FlightResultPage.<init>(FlightResultPage.java:18)
	at com.cleartrip.pageobjects.FlightResultPage.<init>(FlightResultPage.java:18)
	at com.cleartrip.pageobjects.FlightResultPage.<init>(FlightResultPage.java:18)
	at com.cleartrip.pageobjects.FlightResultPage.<init>(FlightResultPage.java:18)
	at com.cleartrip.pageobjects.FlightResultPage.<init>(FlightResultPage.java:18)
	at com.cleartrip.pageobjects.FlightResultPage.<init>(FlightResultPage.java:18)
	at com.cleartrip.pageobjects.FlightResultPage.<init>(FlightResultPage.java:18)
	at com.cleartrip.pageobjects.FlightResultPage.<init>(FlightResultPage.java:18)
	at com.cleartrip.pageobjects.FlightResultPage.<init>(FlightResultPage.java:18)
	at com.cleartrip.pageobjects.FlightResultPage.<init>(FlightResultPage.java:18)
	at com.cleartrip.pageobjects.FlightResultPage.<init>(FlightResultPage.java:18)
	at com.cleartrip.pageobjects.FlightResultPage.<init>(FlightResultPage.java:18)
	at com.cleartrip.pageobjects.FlightResultPage.<init>(FlightResultPage.java:18)
	at com.cleartrip.pageobjects.FlightResultPage.<init>(FlightResultPage.java:18)
	at com.cleartrip.pageobjects.FlightResultPage.<init>(FlightResultPage.java:18)
	at com.cleartrip.pageobjects.FlightResultPage.<init>(FlightResultPage.java:18)
	at com.cleartrip.pageobjects.FlightResultPage.<init>(FlightResultPage.java:18)
	at com.cleartrip.pageobjects.FlightResultPage.<init>(FlightResultPage.java:18)
	at com.cleartrip.pageobjects.FlightResultPage.<init>(FlightResultPage.java:18)
	at com.cleartrip.pageobjects.FlightResultPage.<init>(FlightResultPage.java:18)
	at com.cleartrip.pageobjects.FlightResultPage.<init>(FlightResultPage.java:18)
	at com.cleartrip.pageobjects.FlightResultPage.<init>(FlightResultPage.java:18)
	at com.cleartrip.pageobjects.FlightResultPage.<init>(FlightResultPage.java:18)
	at com.cleartrip.pageobjects.FlightResultPage.<init>(FlightResultPage.java:18)
	at com.cleartrip.pageobjects.FlightResultPage.<init>(FlightResultPage.java:18)
	at com.cleartrip.pageobjects.FlightResultPage.<init>(FlightResultPage.java:18)
	at com.cleartrip.pageobjects.FlightResultPage.<init>(FlightResultPage.java:18)
	at com.cleartrip.pageobjects.FlightResultPage.<init>(FlightResultPage.java:18)
	at com.cleartrip.pageobjects.FlightResultPage.<init>(FlightResultPage.java:18)
	at com.cleartrip.pageobjects.FlightResultPage.<init>(FlightResultPage.java:18)
	at com.cleartrip.pageobjects.FlightResultPage.<init>(FlightResultPage.java:18)
	at com.cleartrip.pageobjects.FlightResultPage.<init>(FlightResultPage.java:18)
	at com.cleartrip.pageobjects.FlightResultPage.<init>(FlightResultPage.java:18)
	at com.cleartrip.pageobjects.FlightResultPage.<init>(FlightResultPage.java:18)
	at com.cleartrip.pageobjects.FlightResultPage.<init>(FlightResultPage.java:18)
	at com.cleartrip.pageobjects.FlightResultPage.<init>(FlightResultPage.java:18)
	at com.cleartrip.pageobjects.FlightResultPage.<init>(FlightResultPage.java:18)
	at com.cleartrip.pageobjects.FlightResultPage.<init>(FlightResultPage.java:18)
	at com.cleartrip.pageobjects.FlightResultPage.<init>(FlightResultPage.java:18)
	at com.cleartrip.pageobjects.FlightResultPage.<init>(FlightResultPage.java:18)
	at com.cleartrip.pageobjects.FlightResultPage.<init>(FlightResultPage.java:18)
	at com.cleartrip.pageobjects.FlightResultPage.<init>(FlightResultPage.java:18)
	at com.cleartrip.pageobjects.FlightResultPage.<init>(FlightResultPage.java:18)
	at com.cleartrip.pageobjects.FlightResultPage.<init>(FlightResultPage.java:18)
	at com.cleartrip.pageobjects.FlightResultPage.<init>(FlightResultPage.java:18)
	at com.cleartrip.pageobjects.FlightResultPage.<init>(FlightResultPage.java:18)
	at com.cleartrip.pageobjects.FlightResultPage.<init>(FlightResultPage.java:18)
	at com.cleartrip.pageobjects.FlightResultPage.<init>(FlightResultPage.java:18)
	at com.cleartrip.pageobjects.FlightResultPage.<init>(FlightResultPage.java:18)
	at com.cleartrip.pageobjects.FlightResultPage.<init>(FlightResultPage.java:18)
	at com.cleartrip.pageobjects.FlightResultPage.<init>(FlightResultPage.java:18)
	at com.cleartrip.pageobjects.FlightResultPage.<init>(FlightResultPage.java:18)
	at com.cleartrip.pageobjects.FlightResultPage.<init>(FlightResultPage.java:18)
	at com.cleartrip.pageobjects.FlightResultPage.<init>(FlightResultPage.java:18)
	at com.cleartrip.pageobjects.FlightResultPage.<init>(FlightResultPage.java:18)
	at com.cleartrip.pageobjects.FlightResultPage.<init>(FlightResultPage.java:18)
	at com.cleartrip.pageobjects.FlightResultPage.<init>(FlightResultPage.java:18)
	at com.cleartrip.pageobjects.FlightResultPage.<init>(FlightResultPage.java:18)
	at com.cleartrip.pageobjects.FlightResultPage.<init>(FlightResultPage.java:18)
	at com.cleartrip.pageobjects.FlightResultPage.<init>(FlightResultPage.java:18)
	at com.cleartrip.pageobjects.FlightResultPage.<init>(FlightResultPage.java:18)
	at com.cleartrip.pageobjects.FlightResultPage.<init>(FlightResultPage.java:18)
	at com.cleartrip.pageobjects.FlightResultPage.<init>(FlightResultPage.java:18)
	at com.cleartrip.pageobjects.FlightResultPage.<init>(FlightResultPage.java:18)
	at com.cleartrip.pageobjects.FlightResultPage.<init>(FlightResultPage.java:18)
	at com.cleartrip.pageobjects.FlightResultPage.<init>(FlightResultPage.java:18)
	at com.cleartrip.pageobjects.FlightResultPage.<init>(FlightResultPage.java:18)
	at com.cleartrip.pageobjects.FlightResultPage.<init>(FlightResultPage.java:18)
	at com.cleartrip.pageobjects.FlightResultPage.<init>(FlightResultPage.java:18)
	at com.cleartrip.pageobjects.FlightResultPage.<init>(FlightResultPage.java:18)
	at com.cleartrip.pageobjects.FlightResultPage.<init>(FlightResultPage.java:18)
	at com.cleartrip.pageobjects.FlightResultPage.<init>(FlightResultPage.java:18)
	at com.cleartrip.pageobjects.FlightResultPage.<init>(FlightResultPage.java:18)
	at com.cleartrip.pageobjects.FlightResultPage.<init>(FlightResultPage.java:18)
	at com.cleartrip.pageobjects.FlightResultPage.<init>(FlightResultPage.java:18)
	at com.cleartrip.pageobjects.FlightResultPage.<init>(FlightResultPage.java:18)
	at com.cleartrip.pageobjects.FlightResultPage.<init>(FlightResultPage.java:18)
	at com.cleartrip.pageobjects.FlightResultPage.<init>(FlightResultPage.java:18)
	at com.cleartrip.pageobjects.FlightResultPage.<init>(FlightResultPage.java:18)
	at com.cleartrip.pageobjects.FlightResultPage.<init>(FlightResultPage.java:18)
	at com.cleartrip.pageobjects.FlightResultPage.<init>(FlightResultPage.java:18)
	at com.cleartrip.pageobjects.FlightResultPage.<init>(FlightResultPage.java:18)
	at com.cleartrip.pageobjects.FlightResultPage.<init>(FlightResultPage.java:18)
	at com.cleartrip.pageobjects.FlightResultPage.<init>(FlightResultPage.java:18)
	at com.cleartrip.pageobjects.FlightResultPage.<init>(FlightResultPage.java:18)
	at com.cleartrip.pageobjects.FlightResultPage.<init>(FlightResultPage.java:18)
	at com.cleartrip.pageobjects.FlightResultPage.<init>(FlightResultPage.java:18)
	at com.cleartrip.pageobjects.FlightResultPage.<init>(FlightResultPage.java:18)
	at com.cleartrip.pageobjects.FlightResultPage.<init>(FlightResultPage.java:18)
	at com.cleartrip.pageobjects.FlightResultPage.<init>(FlightResultPage.java:18)
	at com.cleartrip.pageobjects.FlightResultPage.<init>(FlightResultPage.java:18)
	at com.cleartrip.pageobjects.FlightResultPage.<init>(FlightResultPage.java:18)
	at com.cleartrip.pageobjects.FlightResultPage.<init>(FlightResultPage.java:18)
	at com.cleartrip.pageobjects.FlightResultPage.<init>(FlightResultPage.java:18)
	at com.cleartrip.pageobjects.FlightResultPage.<init>(FlightResultPage.java:18)
	at com.cleartrip.pageobjects.FlightResultPage.<init>(FlightResultPage.java:18)
	at com.cleartrip.pageobjects.FlightResultPage.<init>(FlightResultPage.java:18)
	at com.cleartrip.pageobjects.FlightResultPage.<init>(FlightResultPage.java:18)
	at com.cleartrip.pageobjects.FlightResultPage.<init>(FlightResultPage.java:18)
	at com.cleartrip.pageobjects.FlightResultPage.<init>(FlightResultPage.java:18)
	at com.cleartrip.pageobjects.FlightResultPage.<init>(FlightResultPage.java:18)
	at com.cleartrip.pageobjects.FlightResultPage.<init>(FlightResultPage.java:18)
	at com.cleartrip.pageobjects.FlightResultPage.<init>(FlightResultPage.java:18)
	at com.cleartrip.pageobjects.FlightResultPage.<init>(FlightResultPage.java:18)
	at com.cleartrip.pageobjects.FlightResultPage.<init>(FlightResultPage.java:18)
	at com.cleartrip.pageobjects.FlightResultPage.<init>(FlightResultPage.java:18)
	at com.cleartrip.pageobjects.FlightResultPage.<init>(FlightResultPage.java:18)
	at com.cleartrip.pageobjects.FlightResultPage.<init>(FlightResultPage.java:18)
	at com.cleartrip.pageobjects.FlightResultPage.<init>(FlightResultPage.java:18)
	at com.cleartrip.pageobjects.FlightResultPage.<init>(FlightResultPage.java:18)
	at com.cleartrip.pageobjects.FlightResultPage.<init>(FlightResultPage.java:18)
	at com.cleartrip.pageobjects.FlightResultPage.<init>(FlightResultPage.java:18)
	at com.cleartrip.pageobjects.FlightResultPage.<init>(FlightResultPage.java:18)
	at com.cleartrip.pageobjects.FlightResultPage.<init>(FlightResultPage.java:18)
	at com.cleartrip.pageobjects.FlightResultPage.<init>(FlightResultPage.java:18)
	at com.cleartrip.pageobjects.FlightResultPage.<init>(FlightResultPage.java:18)
	at com.cleartrip.pageobjects.FlightResultPage.<init>(FlightResultPage.java:18)
	at com.cleartrip.pageobjects.FlightResultPage.<init>(FlightResultPage.java:18)
	at com.cleartrip.pageobjects.FlightResultPage.<init>(FlightResultPage.java:18)
	at com.cleartrip.pageobjects.FlightResultPage.<init>(FlightResultPage.java:18)
	at com.cleartrip.pageobjects.FlightResultPage.<init>(FlightResultPage.java:18)
	at com.cleartrip.pageobjects.FlightResultPage.<init>(FlightResultPage.java:18)
	at com.cleartrip.pageobjects.FlightResultPage.<init>(FlightResultPage.java:18)
	at com.cleartrip.pageobjects.FlightResultPage.<init>(FlightResultPage.java:18)
	at com.cleartrip.pageobjects.FlightResultPage.<init>(FlightResultPage.java:18)
	at com.cleartrip.pageobjects.FlightResultPage.<init>(FlightResultPage.java:18)
	at com.cleartrip.pageobjects.FlightResultPage.<init>(FlightResultPage.java:18)
	at com.cleartrip.pageobjects.FlightResultPage.<init>(FlightResultPage.java:18)
	at com.cleartrip.pageobjects.FlightResultPage.<init>(FlightResultPage.java:18)
	at com.cleartrip.pageobjects.FlightResultPage.<init>(FlightResultPage.java:18)
	at com.cleartrip.pageobjects.FlightResultPage.<init>(FlightResultPage.java:18)
	at com.cleartrip.pageobjects.FlightResultPage.<init>(FlightResultPage.java:18)
	at com.cleartrip.pageobjects.FlightResultPage.<init>(FlightResultPage.java:18)
	at com.cleartrip.pageobjects.FlightResultPage.<init>(FlightResultPage.java:18)
	at com.cleartrip.pageobjects.FlightResultPage.<init>(FlightResultPage.java:18)
	at com.cleartrip.pageobjects.FlightResultPage.<init>(FlightResultPage.java:18)
	at com.cleartrip.pageobjects.FlightResultPage.<init>(FlightResultPage.java:18)
	at com.cleartrip.pageobjects.FlightResultPage.<init>(FlightResultPage.java:18)
	at com.cleartrip.pageobjects.FlightResultPage.<init>(FlightResultPage.java:18)
	at com.cleartrip.pageobjects.FlightResultPage.<init>(FlightResultPage.java:18)
	at com.cleartrip.pageobjects.FlightResultPage.<init>(FlightResultPage.java:18)
	at com.cleartrip.pageobjects.FlightResultPage.<init>(FlightResultPage.java:18)
	at com.cleartrip.pageobjects.FlightResultPage.<init>(FlightResultPage.java:18)
	at com.cleartrip.pageobjects.FlightResultPage.<init>(FlightResultPage.java:18)
	at com.cleartrip.pageobjects.FlightResultPage.<init>(FlightResultPage.java:18)
	at com.cleartrip.pageobjects.FlightResultPage.<init>(FlightResultPage.java:18)
	at com.cleartrip.pageobjects.FlightResultPage.<init>(FlightResultPage.java:18)
	at com.cleartrip.pageobjects.FlightResultPage.<init>(FlightResultPage.java:18)
	at com.cleartrip.pageobjects.FlightResultPage.<init>(FlightResultPage.java:18)
	at com.cleartrip.pageobjects.FlightResultPage.<init>(FlightResultPage.java:18)
	at com.cleartrip.pageobjects.FlightResultPage.<init>(FlightResultPage.java:18)
	at com.cleartrip.pageobjects.FlightResultPage.<init>(FlightResultPage.java:18)
	at com.cleartrip.pageobjects.FlightResultPage.<init>(FlightResultPage.java:18)
	at com.cleartrip.pageobjects.FlightResultPage.<init>(FlightResultPage.java:18)
	at com.cleartrip.pageobjects.FlightResultPage.<init>(FlightResultPage.java:18)
	at com.cleartrip.pageobjects.FlightResultPage.<init>(FlightResultPage.java:18)
	at com.cleartrip.pageobjects.FlightResultPage.<init>(FlightResultPage.java:18)
	at com.cleartrip.pageobjects.FlightResultPage.<init>(FlightResultPage.java:18)
	at com.cleartrip.pageobjects.FlightResultPage.<init>(FlightResultPage.java:18)
	at com.cleartrip.pageobjects.FlightResultPage.<init>(FlightResultPage.java:18)
	at com.cleartrip.pageobjects.FlightResultPage.<init>(FlightResultPage.java:18)
	at com.cleartrip.pageobjects.FlightResultPage.<init>(FlightResultPage.java:18)
	at com.cleartrip.pageobjects.FlightResultPage.<init>(FlightResultPage.java:18)
	at com.cleartrip.pageobjects.FlightResultPage.<init>(FlightResultPage.java:18)
	at com.cleartrip.pageobjects.FlightResultPage.<init>(FlightResultPage.java:18)
	at com.cleartrip.pageobjects.FlightResultPage.<init>(FlightResultPage.java:18)
	at com.cleartrip.pageobjects.FlightResultPage.<init>(FlightResultPage.java:18)
	at com.cleartrip.pageobjects.FlightResultPage.<init>(FlightResultPage.java:18)
	at com.cleartrip.pageobjects.FlightResultPage.<init>(FlightResultPage.java:18)
	at com.cleartrip.pageobjects.FlightResultPage.<init>(FlightResultPage.java:18)
	at com.cleartrip.pageobjects.FlightResultPage.<init>(FlightResultPage.java:18)
	at com.cleartrip.pageobjects.FlightResultPage.<init>(FlightResultPage.java:18)
	at com.cleartrip.pageobjects.FlightResultPage.<init>(FlightResultPage.java:18)
	at com.cleartrip.pageobjects.FlightResultPage.<init>(FlightResultPage.java:18)
	at com.cleartrip.pageobjects.FlightResultPage.<init>(FlightResultPage.java:18)
	at com.cleartrip.pageobjects.FlightResultPage.<init>(FlightResultPage.java:18)
	at com.cleartrip.pageobjects.FlightResultPage.<init>(FlightResultPage.java:18)
	at com.cleartrip.pageobjects.FlightResultPage.<init>(FlightResultPage.java:18)
	at com.cleartrip.pageobjects.FlightResultPage.<init>(FlightResultPage.java:18)
	at com.cleartrip.pageobjects.FlightResultPage.<init>(FlightResultPage.java:18)
	at com.cleartrip.pageobjects.FlightResultPage.<init>(FlightResultPage.java:18)
	at com.cleartrip.pageobjects.FlightResultPage.<init>(FlightResultPage.java:18)
	at com.cleartrip.pageobjects.FlightResultPage.<init>(FlightResultPage.java:18)
	at com.cleartrip.pageobjects.FlightResultPage.<init>(FlightResultPage.java:18)
	at com.cleartrip.pageobjects.FlightResultPage.<init>(FlightResultPage.java:18)
	at com.cleartrip.pageobjects.FlightResultPage.<init>(FlightResultPage.java:18)
	at com.cleartrip.pageobjects.FlightResultPage.<init>(FlightResultPage.java:18)
	at com.cleartrip.pageobjects.FlightResultPage.<init>(FlightResultPage.java:18)
	at com.cleartrip.pageobjects.FlightResultPage.<init>(FlightResultPage.java:18)
	at com.cleartrip.pageobjects.FlightResultPage.<init>(FlightResultPage.java:18)
	at com.cleartrip.pageobjects.FlightResultPage.<init>(FlightResultPage.java:18)
	at com.cleartrip.pageobjects.FlightResultPage.<init>(FlightResultPage.java:18)
	at com.cleartrip.pageobjects.FlightResultPage.<init>(FlightResultPage.java:18)
	at com.cleartrip.pageobjects.FlightResultPage.<init>(FlightResultPage.java:18)
	at com.cleartrip.pageobjects.FlightResultPage.<init>(FlightResultPage.java:18)
	at com.cleartrip.pageobjects.FlightResultPage.<init>(FlightResultPage.java:18)
	at com.cleartrip.pageobjects.FlightResultPage.<init>(FlightResultPage.java:18)
	at com.cleartrip.pageobjects.FlightResultPage.<init>(FlightResultPage.java:18)
	at com.cleartrip.pageobjects.FlightResultPage.<init>(FlightResultPage.java:18)
	at com.cleartrip.pageobjects.FlightResultPage.<init>(FlightResultPage.java:18)
	at com.cleartrip.pageobjects.FlightResultPage.<init>(FlightResultPage.java:18)
	at com.cleartrip.pageobjects.FlightResultPage.<init>(FlightResultPage.java:18)
	at com.cleartrip.pageobjects.FlightResultPage.<init>(FlightResultPage.java:18)
	at com.cleartrip.pageobjects.FlightResultPage.<init>(FlightResultPage.java:18)
	at com.cleartrip.pageobjects.FlightResultPage.<init>(FlightResultPage.java:18)
	at com.cleartrip.pageobjects.FlightResultPage.<init>(FlightResultPage.java:18)
	at com.cleartrip.pageobjects.FlightResultPage.<init>(FlightResultPage.java:18)
	at com.cleartrip.pageobjects.FlightResultPage.<init>(FlightResultPage.java:18)
	at com.cleartrip.pageobjects.FlightResultPage.<init>(FlightResultPage.java:18)
	at com.cleartrip.pageobjects.FlightResultPage.<init>(FlightResultPage.java:18)
	at com.cleartrip.pageobjects.FlightResultPage.<init>(FlightResultPage.java:18)
	at com.cleartrip.pageobjects.FlightResultPage.<init>(FlightResultPage.java:18)
	at com.cleartrip.pageobjects.FlightResultPage.<init>(FlightResultPage.java:18)
	at com.cleartrip.pageobjects.FlightResultPage.<init>(FlightResultPage.java:18)
	at com.cleartrip.pageobjects.FlightResultPage.<init>(FlightResultPage.java:18)
	at com.cleartrip.pageobjects.FlightResultPage.<init>(FlightResultPage.java:18)
	at com.cleartrip.pageobjects.FlightResultPage.<init>(FlightResultPage.java:18)
	at com.cleartrip.pageobjects.FlightResultPage.<init>(FlightResultPage.java:18)
	at com.cleartrip.pageobjects.FlightResultPage.<init>(FlightResultPage.java:18)
	at com.cleartrip.pageobjects.FlightResultPage.<init>(FlightResultPage.java:18)
	at com.cleartrip.pageobjects.FlightResultPage.<init>(FlightResultPage.java:18)
	at com.cleartrip.pageobjects.FlightResultPage.<init>(FlightResultPage.java:18)
	at com.cleartrip.pageobjects.FlightResultPage.<init>(FlightResultPage.java:18)
	at com.cleartrip.pageobjects.FlightResultPage.<init>(FlightResultPage.java:18)
	at com.cleartrip.pageobjects.FlightResultPage.<init>(FlightResultPage.java:18)
	at com.cleartrip.pageobjects.FlightResultPage.<init>(FlightResultPage.java:18)
	at com.cleartrip.pageobjects.FlightResultPage.<init>(FlightResultPage.java:18)
	at com.cleartrip.pageobjects.FlightResultPage.<init>(FlightResultPage.java:18)
	at com.cleartrip.pageobjects.FlightResultPage.<init>(FlightResultPage.java:18)
	at com.cleartrip.pageobjects.FlightResultPage.<init>(FlightResultPage.java:18)
	at com.cleartrip.pageobjects.FlightResultPage.<init>(FlightResultPage.java:18)
	at com.cleartrip.pageobjects.FlightResultPage.<init>(FlightResultPage.java:18)
	at com.cleartrip.pageobjects.FlightResultPage.<init>(FlightResultPage.java:18)
	at com.cleartrip.pageobjects.FlightResultPage.<init>(FlightResultPage.java:18)
	at com.cleartrip.pageobjects.FlightResultPage.<init>(FlightResultPage.java:18)
	at com.cleartrip.pageobjects.FlightResultPage.<init>(FlightResultPage.java:18)
	at com.cleartrip.pageobjects.FlightResultPage.<init>(FlightResultPage.java:18)
	at com.cleartrip.pageobjects.FlightResultPage.<init>(FlightResultPage.java:18)
	at com.cleartrip.pageobjects.FlightResultPage.<init>(FlightResultPage.java:18)
	at com.cleartrip.pageobjects.FlightResultPage.<init>(FlightResultPage.java:18)
	at com.cleartrip.pageobjects.FlightResultPage.<init>(FlightResultPage.java:18)
	at com.cleartrip.pageobjects.FlightResultPage.<init>(FlightResultPage.java:18)
	at com.cleartrip.pageobjects.FlightResultPage.<init>(FlightResultPage.java:18)
	at com.cleartrip.pageobjects.FlightResultPage.<init>(FlightResultPage.java:18)
	at com.cleartrip.pageobjects.FlightResultPage.<init>(FlightResultPage.java:18)
	at com.cleartrip.pageobjects.FlightResultPage.<init>(FlightResultPage.java:18)
	at com.cleartrip.pageobjects.FlightResultPage.<init>(FlightResultPage.java:18)
	at com.cleartrip.pageobjects.FlightResultPage.<init>(FlightResultPage.java:18)
	at com.cleartrip.pageobjects.FlightResultPage.<init>(FlightResultPage.java:18)
	at com.cleartrip.pageobjects.FlightResultPage.<init>(FlightResultPage.java:18)
	at com.cleartrip.pageobjects.FlightResultPage.<init>(FlightResultPage.java:18)
	at com.cleartrip.pageobjects.FlightResultPage.<init>(FlightResultPage.java:18)
	at com.cleartrip.pageobjects.FlightResultPage.<init>(FlightResultPage.java:18)
	at com.cleartrip.pageobjects.FlightResultPage.<init>(FlightResultPage.java:18)
	at com.cleartrip.pageobjects.FlightResultPage.<init>(FlightResultPage.java:18)
	at com.cleartrip.pageobjects.FlightResultPage.<init>(FlightResultPage.java:18)
	at com.cleartrip.pageobjects.FlightResultPage.<init>(FlightResultPage.java:18)
	at com.cleartrip.pageobjects.FlightResultPage.<init>(FlightResultPage.java:18)
	at com.cleartrip.pageobjects.FlightResultPage.<init>(FlightResultPage.java:18)
	at com.cleartrip.pageobjects.FlightResultPage.<init>(FlightResultPage.java:18)
	at com.cleartrip.pageobjects.FlightResultPage.<init>(FlightResultPage.java:18)
	at com.cleartrip.pageobjects.FlightResultPage.<init>(FlightResultPage.java:18)
	at com.cleartrip.pageobjects.FlightResultPage.<init>(FlightResultPage.java:18)
	at com.cleartrip.pageobjects.FlightResultPage.<init>(FlightResultPage.java:18)
	at com.cleartrip.pageobjects.FlightResultPage.<init>(FlightResultPage.java:18)
	at com.cleartrip.pageobjects.FlightResultPage.<init>(FlightResultPage.java:18)
	at com.cleartrip.pageobjects.FlightResultPage.<init>(FlightResultPage.java:18)
	at com.cleartrip.pageobjects.FlightResultPage.<init>(FlightResultPage.java:18)
	at com.cleartrip.pageobjects.FlightResultPage.<init>(FlightResultPage.java:18)
	at com.cleartrip.pageobjects.FlightResultPage.<init>(FlightResultPage.java:18)
	at com.cleartrip.pageobjects.FlightResultPage.<init>(FlightResultPage.java:18)
	at com.cleartrip.pageobjects.FlightResultPage.<init>(FlightResultPage.java:18)
	at com.cleartrip.pageobjects.FlightResultPage.<init>(FlightResultPage.java:18)
	at com.cleartrip.pageobjects.FlightResultPage.<init>(FlightResultPage.java:18)
	at com.cleartrip.pageobjects.FlightResultPage.<init>(FlightResultPage.java:18)
	at com.cleartrip.pageobjects.FlightResultPage.<init>(FlightResultPage.java:18)
	at com.cleartrip.pageobjects.FlightResultPage.<init>(FlightResultPage.java:18)
	at com.cleartrip.pageobjects.FlightResultPage.<init>(FlightResultPage.java:18)
	at com.cleartrip.pageobjects.FlightResultPage.<init>(FlightResultPage.java:18)
	at com.cleartrip.pageobjects.FlightResultPage.<init>(FlightResultPage.java:18)
	at com.cleartrip.pageobjects.FlightResultPage.<init>(FlightResultPage.java:18)
	at com.cleartrip.pageobjects.FlightResultPage.<init>(FlightResultPage.java:18)
	at com.cleartrip.pageobjects.FlightResultPage.<init>(FlightResultPage.java:18)
	at com.cleartrip.pageobjects.FlightResultPage.<init>(FlightResultPage.java:18)
	at com.cleartrip.pageobjects.FlightResultPage.<init>(FlightResultPage.java:18)
	at com.cleartrip.pageobjects.FlightResultPage.<init>(FlightResultPage.java:18)
	at com.cleartrip.pageobjects.FlightResultPage.<init>(FlightResultPage.java:18)
	at com.cleartrip.pageobjects.FlightResultPage.<init>(FlightResultPage.java:18)
	at com.cleartrip.pageobjects.FlightResultPage.<init>(FlightResultPage.java:18)
	at com.cleartrip.pageobjects.FlightResultPage.<init>(FlightResultPage.java:18)
	at com.cleartrip.pageobjects.FlightResultPage.<init>(FlightResultPage.java:18)
	at com.cleartrip.pageobjects.FlightResultPage.<init>(FlightResultPage.java:18)
	at com.cleartrip.pageobjects.FlightResultPage.<init>(FlightResultPage.java:18)
	at com.cleartrip.pageobjects.FlightResultPage.<init>(FlightResultPage.java:18)
	at com.cleartrip.pageobjects.FlightResultPage.<init>(FlightResultPage.java:18)
	at com.cleartrip.pageobjects.FlightResultPage.<init>(FlightResultPage.java:18)
	at com.cleartrip.pageobjects.FlightResultPage.<init>(FlightResultPage.java:18)
	at com.cleartrip.pageobjects.FlightResultPage.<init>(FlightResultPage.java:18)
	at com.cleartrip.pageobjects.FlightResultPage.<init>(FlightResultPage.java:18)
	at com.cleartrip.pageobjects.FlightResultPage.<init>(FlightResultPage.java:18)
	at com.cleartrip.pageobjects.FlightResultPage.<init>(FlightResultPage.java:18)
	at com.cleartrip.pageobjects.FlightResultPage.<init>(FlightResultPage.java:18)
	at com.cleartrip.pageobjects.FlightResultPage.<init>(FlightResultPage.java:18)
	at com.cleartrip.pageobjects.FlightResultPage.<init>(FlightResultPage.java:18)
	at com.cleartrip.pageobjects.FlightResultPage.<init>(FlightResultPage.java:18)
	at com.cleartrip.pageobjects.FlightResultPage.<init>(FlightResultPage.java:18)
	at com.cleartrip.pageobjects.FlightResultPage.<init>(FlightResultPage.java:18)
	at com.cleartrip.pageobjects.FlightResultPage.<init>(FlightResultPage.java:18)
	at com.cleartrip.pageobjects.FlightResultPage.<init>(FlightResultPage.java:18)
	at com.cleartrip.pageobjects.FlightResultPage.<init>(FlightResultPage.java:18)
	at com.cleartrip.pageobjects.FlightResultPage.<init>(FlightResultPage.java:18)
	at com.cleartrip.pageobjects.FlightResultPage.<init>(FlightResultPage.java:18)
	at com.cleartrip.pageobjects.FlightResultPage.<init>(FlightResultPage.java:18)
	at com.cleartrip.pageobjects.FlightResultPage.<init>(FlightResultPage.java:18)
	at com.cleartrip.pageobjects.FlightResultPage.<init>(FlightResultPage.java:18)
	at com.cleartrip.pageobjects.FlightResultPage.<init>(FlightResultPage.java:18)
	at com.cleartrip.pageobjects.FlightResultPage.<init>(FlightResultPage.java:18)
	at com.cleartrip.pageobjects.FlightResultPage.<init>(FlightResultPage.java:18)
	at com.cleartrip.pageobjects.FlightResultPage.<init>(FlightResultPage.java:18)
	at com.cleartrip.pageobjects.FlightResultPage.<init>(FlightResultPage.java:18)
	at com.cleartrip.pageobjects.FlightResultPage.<init>(FlightResultPage.java:18)
	at com.cleartrip.pageobjects.FlightResultPage.<init>(FlightResultPage.java:18)
	at com.cleartrip.pageobjects.FlightResultPage.<init>(FlightResultPage.java:18)
	at com.cleartrip.pageobjects.FlightResultPage.<init>(FlightResultPage.java:18)
	at com.cleartrip.pageobjects.FlightResultPage.<init>(FlightResultPage.java:18)
	at com.cleartrip.pageobjects.FlightResultPage.<init>(FlightResultPage.java:18)
	at com.cleartrip.pageobjects.FlightResultPage.<init>(FlightResultPage.java:18)
	at com.cleartrip.pageobjects.FlightResultPage.<init>(FlightResultPage.java:18)
	at com.cleartrip.pageobjects.FlightResultPage.<init>(FlightResultPage.java:18)
	at com.cleartrip.pageobjects.FlightResultPage.<init>(FlightResultPage.java:18)
	at com.cleartrip.pageobjects.FlightResultPage.<init>(FlightResultPage.java:18)
	at com.cleartrip.pageobjects.FlightResultPage.<init>(FlightResultPage.java:18)
	at com.cleartrip.pageobjects.FlightResultPage.<init>(FlightResultPage.java:18)
	at com.cleartrip.pageobjects.FlightResultPage.<init>(FlightResultPage.java:18)
	at com.cleartrip.pageobjects.FlightResultPage.<init>(FlightResultPage.java:18)
	at com.cleartrip.pageobjects.FlightResultPage.<init>(FlightResultPage.java:18)
	at com.cleartrip.pageobjects.FlightResultPage.<init>(FlightResultPage.java:18)
	at com.cleartrip.pageobjects.FlightResultPage.<init>(FlightResultPage.java:18)
	at com.cleartrip.pageobjects.FlightResultPage.<init>(FlightResultPage.java:18)
	at com.cleartrip.pageobjects.FlightResultPage.<init>(FlightResultPage.java:18)
	at com.cleartrip.pageobjects.FlightResultPage.<init>(FlightResultPage.java:18)
	at com.cleartrip.pageobjects.FlightResultPage.<init>(FlightResultPage.java:18)
	at com.cleartrip.pageobjects.FlightResultPage.<init>(FlightResultPage.java:18)
	at com.cleartrip.pageobjects.FlightResultPage.<init>(FlightResultPage.java:18)
	at com.cleartrip.pageobjects.FlightResultPage.<init>(FlightResultPage.java:18)
	at com.cleartrip.pageobjects.FlightResultPage.<init>(FlightResultPage.java:18)
	at com.cleartrip.pageobjects.FlightResultPage.<init>(FlightResultPage.java:18)
	at com.cleartrip.pageobjects.FlightResultPage.<init>(FlightResultPage.java:18)
	at com.cleartrip.pageobjects.FlightResultPage.<init>(FlightResultPage.java:18)
	at com.cleartrip.pageobjects.FlightResultPage.<init>(FlightResultPage.java:18)
	at com.cleartrip.pageobjects.FlightResultPage.<init>(FlightResultPage.java:18)
	at com.cleartrip.pageobjects.FlightResultPage.<init>(FlightResultPage.java:18)
	at com.cleartrip.pageobjects.FlightResultPage.<init>(FlightResultPage.java:18)
	at com.cleartrip.pageobjects.FlightResultPage.<init>(FlightResultPage.java:18)
	at com.cleartrip.pageobjects.FlightResultPage.<init>(FlightResultPage.java:18)
	at com.cleartrip.pageobjects.FlightResultPage.<init>(FlightResultPage.java:18)
	at com.cleartrip.pageobjects.FlightResultPage.<init>(FlightResultPage.java:18)
	at com.cleartrip.pageobjects.FlightResultPage.<init>(FlightResultPage.java:18)
	at com.cleartrip.pageobjects.FlightResultPage.<init>(FlightResultPage.java:18)
	at com.cleartrip.pageobjects.FlightResultPage.<init>(FlightResultPage.java:18)
	at com.cleartrip.pageobjects.FlightResultPage.<init>(FlightResultPage.java:18)
	at com.cleartrip.pageobjects.FlightResultPage.<init>(FlightResultPage.java:18)
	at com.cleartrip.pageobjects.FlightResultPage.<init>(FlightResultPage.java:18)
	at com.cleartrip.pageobjects.FlightResultPage.<init>(FlightResultPage.java:18)
	at com.cleartrip.pageobjects.FlightResultPage.<init>(FlightResultPage.java:18)
	at com.cleartrip.pageobjects.FlightResultPage.<init>(FlightResultPage.java:18)
	at com.cleartrip.pageobjects.FlightResultPage.<init>(FlightResultPage.java:18)
	at com.cleartrip.pageobjects.FlightResultPage.<init>(FlightResultPage.java:18)
	at com.cleartrip.pageobjects.FlightResultPage.<init>(FlightResultPage.java:18)
	at com.cleartrip.pageobjects.FlightResultPage.<init>(FlightResultPage.java:18)
	at com.cleartrip.pageobjects.FlightResultPage.<init>(FlightResultPage.java:18)
	at com.cleartrip.pageobjects.FlightResultPage.<init>(FlightResultPage.java:18)
	at com.cleartrip.pageobjects.FlightResultPage.<init>(FlightResultPage.java:18)
	at com.cleartrip.pageobjects.FlightResultPage.<init>(FlightResultPage.java:18)
	at com.cleartrip.pageobjects.FlightResultPage.<init>(FlightResultPage.java:18)
	at com.cleartrip.pageobjects.FlightResultPage.<init>(FlightResultPage.java:18)
	at com.cleartrip.pageobjects.FlightResultPage.<init>(FlightResultPage.java:18)
	at com.cleartrip.pageobjects.FlightResultPage.<init>(FlightResultPage.java:18)
	at com.cleartrip.pageobjects.FlightResultPage.<init>(FlightResultPage.java:18)
	at com.cleartrip.pageobjects.FlightResultPage.<init>(FlightResultPage.java:18)
	at com.cleartrip.pageobjects.FlightResultPage.<init>(FlightResultPage.java:18)
	at com.cleartrip.pageobjects.FlightResultPage.<init>(FlightResultPage.java:18)
	at com.cleartrip.pageobjects.FlightResultPage.<init>(FlightResultPage.java:18)
	at com.cleartrip.pageobjects.FlightResultPage.<init>(FlightResultPage.java:18)
	at com.cleartrip.pageobjects.FlightResultPage.<init>(FlightResultPage.java:18)
	at com.cleartrip.pageobjects.FlightResultPage.<init>(FlightResultPage.java:18)
	at com.cleartrip.pageobjects.FlightResultPage.<init>(FlightResultPage.java:18)
	at com.cleartrip.pageobjects.FlightResultPage.<init>(FlightResultPage.java:18)
	at com.cleartrip.pageobjects.FlightResultPage.<init>(FlightResultPage.java:18)
	at com.cleartrip.pageobjects.FlightResultPage.<init>(FlightResultPage.java:18)
	at com.cleartrip.pageobjects.FlightResultPage.<init>(FlightResultPage.java:18)
	at com.cleartrip.pageobjects.FlightResultPage.<init>(FlightResultPage.java:18)
	at com.cleartrip.pageobjects.FlightResultPage.<init>(FlightResultPage.java:18)
	at com.cleartrip.pageobjects.FlightResultPage.<init>(FlightResultPage.java:18)
	at com.cleartrip.pageobjects.FlightResultPage.<init>(FlightResultPage.java:18)
	at com.cleartrip.pageobjects.FlightResultPage.<init>(FlightResultPage.java:18)
	at com.cleartrip.pageobjects.FlightResultPage.<init>(FlightResultPage.java:18)
	at com.cleartrip.pageobjects.FlightResultPage.<init>(FlightResultPage.java:18)
	at com.cleartrip.pageobjects.FlightResultPage.<init>(FlightResultPage.java:18)
	at com.cleartrip.pageobjects.FlightResultPage.<init>(FlightResultPage.java:18)
	at com.cleartrip.pageobjects.FlightResultPage.<init>(FlightResultPage.java:18)
	at com.cleartrip.pageobjects.FlightResultPage.<init>(FlightResultPage.java:18)
	at com.cleartrip.pageobjects.FlightResultPage.<init>(FlightResultPage.java:18)
	at com.cleartrip.pageobjects.FlightResultPage.<init>(FlightResultPage.java:18)
	at com.cleartrip.pageobjects.FlightResultPage.<init>(FlightResultPage.java:18)
	at com.cleartrip.pageobjects.FlightResultPage.<init>(FlightResultPage.java:18)
	at com.cleartrip.pageobjects.FlightResultPage.<init>(FlightResultPage.java:18)
	at com.cleartrip.pageobjects.FlightResultPage.<init>(FlightResultPage.java:18)
	at com.cleartrip.pageobjects.FlightResultPage.<init>(FlightResultPage.java:18)
	at com.cleartrip.pageobjects.FlightResultPage.<init>(FlightResultPage.java:18)
	at com.cleartrip.pageobjects.FlightResultPage.<init>(FlightResultPage.java:18)
	at com.cleartrip.pageobjects.FlightResultPage.<init>(FlightResultPage.java:18)
	at com.cleartrip.pageobjects.FlightResultPage.<init>(FlightResultPage.java:18)
	at com.cleartrip.pageobjects.FlightResultPage.<init>(FlightResultPage.java:18)
	at com.cleartrip.pageobjects.FlightResultPage.<init>(FlightResultPage.java:18)
	at com.cleartrip.pageobjects.FlightResultPage.<init>(FlightResultPage.java:18)
	at com.cleartrip.pageobjects.FlightResultPage.<init>(FlightResultPage.java:18)
	at com.cleartrip.pageobjects.FlightResultPage.<init>(FlightResultPage.java:18)
	at com.cleartrip.pageobjects.FlightResultPage.<init>(FlightResultPage.java:18)
	at com.cleartrip.pageobjects.FlightResultPage.<init>(FlightResultPage.java:18)
	at com.cleartrip.pageobjects.FlightResultPage.<init>(FlightResultPage.java:18)
	at com.cleartrip.pageobjects.FlightResultPage.<init>(FlightResultPage.java:18)
	at com.cleartrip.pageobjects.FlightResultPage.<init>(FlightResultPage.java:18)
	at com.cleartrip.pageobjects.FlightResultPage.<init>(FlightResultPage.java:18)
	at com.cleartrip.pageobjects.FlightResultPage.<init>(FlightResultPage.java:18)
	at com.cleartrip.pageobjects.FlightResultPage.<init>(FlightResultPage.java:18)
	at com.cleartrip.pageobjects.FlightResultPage.<init>(FlightResultPage.java:18)
	at com.cleartrip.pageobjects.FlightResultPage.<init>(FlightResultPage.java:18)
	at com.cleartrip.pageobjects.FlightResultPage.<init>(FlightResultPage.java:18)
	at com.cleartrip.pageobjects.FlightResultPage.<init>(FlightResultPage.java:18)
	at com.cleartrip.pageobjects.FlightResultPage.<init>(FlightResultPage.java:18)
	at com.cleartrip.pageobjects.FlightResultPage.<init>(FlightResultPage.java:18)
	at com.cleartrip.pageobjects.FlightResultPage.<init>(FlightResultPage.java:18)
	at com.cleartrip.pageobjects.FlightResultPage.<init>(FlightResultPage.java:18)
	at com.cleartrip.pageobjects.FlightResultPage.<init>(FlightResultPage.java:18)
	at com.cleartrip.pageobjects.FlightResultPage.<init>(FlightResultPage.java:18)
	at com.cleartrip.pageobjects.FlightResultPage.<init>(FlightResultPage.java:18)
	at com.cleartrip.pageobjects.FlightResultPage.<init>(FlightResultPage.java:18)
	at com.cleartrip.pageobjects.FlightResultPage.<init>(FlightResultPage.java:18)
	at com.cleartrip.pageobjects.FlightResultPage.<init>(FlightResultPage.java:18)
	at com.cleartrip.pageobjects.FlightResultPage.<init>(FlightResultPage.java:18)
	at com.cleartrip.pageobjects.FlightResultPage.<init>(FlightResultPage.java:18)
	at com.cleartrip.pageobjects.FlightResultPage.<init>(FlightResultPage.java:18)
	at com.cleartrip.pageobjects.FlightResultPage.<init>(FlightResultPage.java:18)
	at com.cleartrip.pageobjects.FlightResultPage.<init>(FlightResultPage.java:18)
	at com.cleartrip.pageobjects.FlightResultPage.<init>(FlightResultPage.java:18)
	at com.cleartrip.pageobjects.FlightResultPage.<init>(FlightResultPage.java:18)
	at com.cleartrip.pageobjects.FlightResultPage.<init>(FlightResultPage.java:18)
	at com.cleartrip.pageobjects.FlightResultPage.<init>(FlightResultPage.java:18)
	at com.cleartrip.pageobjects.FlightResultPage.<init>(FlightResultPage.java:18)
	at com.cleartrip.pageobjects.FlightResultPage.<init>(FlightResultPage.java:18)
	at com.cleartrip.pageobjects.FlightResultPage.<init>(FlightResultPage.java:18)
	at com.cleartrip.pageobjects.FlightResultPage.<init>(FlightResultPage.java:18)
	at com.cleartrip.pageobjects.FlightResultPage.<init>(FlightResultPage.java:18)
	at com.cleartrip.pageobjects.FlightResultPage.<init>(FlightResultPage.java:18)
	at com.cleartrip.pageobjects.FlightResultPage.<init>(FlightResultPage.java:18)
	at com.cleartrip.pageobjects.FlightResultPage.<init>(FlightResultPage.java:18)
	at com.cleartrip.pageobjects.FlightResultPage.<init>(FlightResultPage.java:18)
	at com.cleartrip.pageobjects.FlightResultPage.<init>(FlightResultPage.java:18)
	at com.cleartrip.pageobjects.FlightResultPage.<init>(FlightResultPage.java:18)
	at com.cleartrip.pageobjects.FlightResultPage.<init>(FlightResultPage.java:18)
	at com.cleartrip.pageobjects.FlightResultPage.<init>(FlightResultPage.java:18)
	at com.cleartrip.pageobjects.FlightResultPage.<init>(FlightResultPage.java:18)
	at com.cleartrip.pageobjects.FlightResultPage.<init>(FlightResultPage.java:18)
	at com.cleartrip.pageobjects.FlightResultPage.<init>(FlightResultPage.java:18)
	at com.cleartrip.pageobjects.FlightResultPage.<init>(FlightResultPage.java:18)
	at com.cleartrip.pageobjects.FlightResultPage.<init>(FlightResultPage.java:18)
	at com.cleartrip.pageobjects.FlightResultPage.<init>(FlightResultPage.java:18)
	at com.cleartrip.pageobjects.FlightResultPage.<init>(FlightResultPage.java:18)
	at com.cleartrip.pageobjects.FlightResultPage.<init>(FlightResultPage.java:18)
	at com.cleartrip.pageobjects.FlightResultPage.<init>(FlightResultPage.java:18)
	at com.cleartrip.pageobjects.FlightResultPage.<init>(FlightResultPage.java:18)
	at com.cleartrip.pageobjects.FlightResultPage.<init>(FlightResultPage.java:18)
	at com.cleartrip.pageobjects.FlightResultPage.<init>(FlightResultPage.java:18)
	at com.cleartrip.pageobjects.FlightResultPage.<init>(FlightResultPage.java:18)
	at com.cleartrip.pageobjects.FlightResultPage.<init>(FlightResultPage.java:18)
	at com.cleartrip.pageobjects.FlightResultPage.<init>(FlightResultPage.java:18)
	at com.cleartrip.pageobjects.FlightResultPage.<init>(FlightResultPage.java:18)
	at com.cleartrip.pageobjects.FlightResultPage.<init>(FlightResultPage.java:18)
	at com.cleartrip.pageobjects.FlightResultPage.<init>(FlightResultPage.java:18)
	at com.cleartrip.pageobjects.FlightResultPage.<init>(FlightResultPage.java:18)
	at com.cleartrip.pageobjects.FlightResultPage.<init>(FlightResultPage.java:18)
	at com.cleartrip.pageobjects.FlightResultPage.<init>(FlightResultPage.java:18)
	at com.cleartrip.pageobjects.FlightResultPage.<init>(FlightResultPage.java:18)
	at com.cleartrip.pageobjects.FlightResultPage.<init>(FlightResultPage.java:18)
	at com.cleartrip.pageobjects.FlightResultPage.<init>(FlightResultPage.java:18)
	at com.cleartrip.pageobjects.FlightResultPage.<init>(FlightResultPage.java:18)
	at com.cleartrip.pageobjects.FlightResultPage.<init>(FlightResultPage.java:18)
	at com.cleartrip.pageobjects.FlightResultPage.<init>(FlightResultPage.java:18)
	at com.cleartrip.pageobjects.FlightResultPage.<init>(FlightResultPage.java:18)
	at com.cleartrip.pageobjects.FlightResultPage.<init>(FlightResultPage.java:18)
	at com.cleartrip.pageobjects.FlightResultPage.<init>(FlightResultPage.java:18)
	at com.cleartrip.pageobjects.FlightResultPage.<init>(FlightResultPage.java:18)
	at com.cleartrip.pageobjects.FlightResultPage.<init>(FlightResultPage.java:18)
	at com.cleartrip.pageobjects.FlightResultPage.<init>(FlightResultPage.java:18)
	at com.cleartrip.pageobjects.FlightResultPage.<init>(FlightResultPage.java:18)
	at com.cleartrip.pageobjects.FlightResultPage.<init>(FlightResultPage.java:18)
	at com.cleartrip.pageobjects.FlightResultPage.<init>(FlightResultPage.java:18)
	at com.cleartrip.pageobjects.FlightResultPage.<init>(FlightResultPage.java:18)
	at com.cleartrip.pageobjects.FlightResultPage.<init>(FlightResultPage.java:18)
	at com.cleartrip.pageobjects.FlightResultPage.<init>(FlightResultPage.java:18)
	at com.cleartrip.pageobjects.FlightResultPage.<init>(FlightResultPage.java:18)
	at com.cleartrip.pageobjects.FlightResultPage.<init>(FlightResultPage.java:18)
	at com.cleartrip.pageobjects.FlightResultPage.<init>(FlightResultPage.java:18)
	at com.cleartrip.pageobjects.FlightResultPage.<init>(FlightResultPage.java:18)
	at com.cleartrip.pageobjects.FlightResultPage.<init>(FlightResultPage.java:18)
	at com.cleartrip.pageobjects.FlightResultPage.<init>(FlightResultPage.java:18)
	at com.cleartrip.pageobjects.FlightResultPage.<init>(FlightResultPage.java:18)
	at com.cleartrip.pageobjects.FlightResultPage.<init>(FlightResultPage.java:18)
	at com.cleartrip.pageobjects.FlightResultPage.<init>(FlightResultPage.java:18)
	at com.cleartrip.pageobjects.FlightResultPage.<init>(FlightResultPage.java:18)
	at com.cleartrip.pageobjects.FlightResultPage.<init>(FlightResultPage.java:18)
	at com.cleartrip.pageobjects.FlightResultPage.<init>(FlightResultPage.java:18)
	at com.cleartrip.pageobjects.FlightResultPage.<init>(FlightResultPage.java:18)
	at com.cleartrip.pageobjects.FlightResultPage.<init>(FlightResultPage.java:18)
	at com.cleartrip.pageobjects.FlightResultPage.<init>(FlightResultPage.java:18)
	at com.cleartrip.pageobjects.FlightResultPage.<init>(FlightResultPage.java:18)
	at com.cleartrip.pageobjects.FlightResultPage.<init>(FlightResultPage.java:18)
	at com.cleartrip.pageobjects.FlightResultPage.<init>(FlightResultPage.java:18)
	at com.cleartrip.pageobjects.FlightResultPage.<init>(FlightResultPage.java:18)
	at com.cleartrip.pageobjects.FlightResultPage.<init>(FlightResultPage.java:18)
	at com.cleartrip.pageobjects.FlightResultPage.<init>(FlightResultPage.java:18)
	at com.cleartrip.pageobjects.FlightResultPage.<init>(FlightResultPage.java:18)
	at com.cleartrip.pageobjects.FlightResultPage.<init>(FlightResultPage.java:18)
	at com.cleartrip.pageobjects.FlightResultPage.<init>(FlightResultPage.java:18)
	at com.cleartrip.pageobjects.FlightResultPage.<init>(FlightResultPage.java:18)
	at com.cleartrip.pageobjects.FlightResultPage.<init>(FlightResultPage.java:18)
	at com.cleartrip.pageobjects.FlightResultPage.<init>(FlightResultPage.java:18)
	at com.cleartrip.pageobjects.FlightResultPage.<init>(FlightResultPage.java:18)
	at com.cleartrip.pageobjects.FlightResultPage.<init>(FlightResultPage.java:18)
	at com.cleartrip.pageobjects.FlightResultPage.<init>(FlightResultPage.java:18)
	at com.cleartrip.pageobjects.FlightResultPage.<init>(FlightResultPage.java:18)
	at com.cleartrip.pageobjects.FlightResultPage.<init>(FlightResultPage.java:18)
	at com.cleartrip.pageobjects.FlightResultPage.<init>(FlightResultPage.java:18)
	at com.cleartrip.pageobjects.FlightResultPage.<init>(FlightResultPage.java:18)
	at com.cleartrip.pageobjects.FlightResultPage.<init>(FlightResultPage.java:18)
	at com.cleartrip.pageobjects.FlightResultPage.<init>(FlightResultPage.java:18)
	at com.cleartrip.pageobjects.FlightResultPage.<init>(FlightResultPage.java:18)
	at com.cleartrip.pageobjects.FlightResultPage.<init>(FlightResultPage.java:18)
	at com.cleartrip.pageobjects.FlightResultPage.<init>(FlightResultPage.java:18)
	at com.cleartrip.pageobjects.FlightResultPage.<init>(FlightResultPage.java:18)
	at com.cleartrip.pageobjects.FlightResultPage.<init>(FlightResultPage.java:18)
	at com.cleartrip.pageobjects.FlightResultPage.<init>(FlightResultPage.java:18)
	at com.cleartrip.pageobjects.FlightResultPage.<init>(FlightResultPage.java:18)
	at com.cleartrip.pageobjects.FlightResultPage.<init>(FlightResultPage.java:18)
	at com.cleartrip.pageobjects.FlightResultPage.<init>(FlightResultPage.java:18)
	at com.cleartrip.pageobjects.FlightResultPage.<init>(FlightResultPage.java:18)
	at com.cleartrip.pageobjects.FlightResultPage.<init>(FlightResultPage.java:18)
	at com.cleartrip.pageobjects.FlightResultPage.<init>(FlightResultPage.java:18)
	at com.cleartrip.pageobjects.FlightResultPage.<init>(FlightResultPage.java:18)
	at com.cleartrip.pageobjects.FlightResultPage.<init>(FlightResultPage.java:18)
	at com.cleartrip.pageobjects.FlightResultPage.<init>(FlightResultPage.java:18)
	at com.cleartrip.pageobjects.FlightResultPage.<init>(FlightResultPage.java:18)
	at com.cleartrip.pageobjects.FlightResultPage.<init>(FlightResultPage.java:18)
	at com.cleartrip.pageobjects.FlightResultPage.<init>(FlightResultPage.java:18)
	at com.cleartrip.pageobjects.FlightResultPage.<init>(FlightResultPage.java:18)
	at com.cleartrip.pageobjects.FlightResultPage.<init>(FlightResultPage.java:18)
	at com.cleartrip.pageobjects.FlightResultPage.<init>(FlightResultPage.java:18)
	at com.cleartrip.pageobjects.FlightResultPage.<init>(FlightResultPage.java:18)
	at com.cleartrip.pageobjects.FlightResultPage.<init>(FlightResultPage.java:18)
	at com.cleartrip.pageobjects.FlightResultPage.<init>(FlightResultPage.java:18)
	at com.cleartrip.pageobjects.FlightResultPage.<init>(FlightResultPage.java:18)
	at com.cleartrip.pageobjects.FlightResultPage.<init>(FlightResultPage.java:18)
	at com.cleartrip.pageobjects.FlightResultPage.<init>(FlightResultPage.java:18)
	at com.cleartrip.pageobjects.FlightResultPage.<init>(FlightResultPage.java:18)
	at com.cleartrip.pageobjects.FlightResultPage.<init>(FlightResultPage.java:18)
	at com.cleartrip.pageobjects.FlightResultPage.<init>(FlightResultPage.java:18)
	at com.cleartrip.pageobjects.FlightResultPage.<init>(FlightResultPage.java:18)
	at com.cleartrip.pageobjects.FlightResultPage.<init>(FlightResultPage.java:18)
	at com.cleartrip.pageobjects.FlightResultPage.<init>(FlightResultPage.java:18)
	at com.cleartrip.pageobjects.FlightResultPage.<init>(FlightResultPage.java:18)
	at com.cleartrip.pageobjects.FlightResultPage.<init>(FlightResultPage.java:18)
	at com.cleartrip.pageobjects.FlightResultPage.<init>(FlightResultPage.java:18)
	at com.cleartrip.pageobjects.FlightResultPage.<init>(FlightResultPage.java:18)
	at com.cleartrip.pageobjects.FlightResultPage.<init>(FlightResultPage.java:18)
	at com.cleartrip.pageobjects.FlightResultPage.<init>(FlightResultPage.java:18)
	at com.cleartrip.pageobjects.FlightResultPage.<init>(FlightResultPage.java:18)
	at com.cleartrip.pageobjects.FlightResultPage.<init>(FlightResultPage.java:18)
	at com.cleartrip.pageobjects.FlightResultPage.<init>(FlightResultPage.java:18)
	at com.cleartrip.pageobjects.FlightResultPage.<init>(FlightResultPage.java:18)
	at com.cleartrip.pageobjects.FlightResultPage.<init>(FlightResultPage.java:18)
	at com.cleartrip.pageobjects.FlightResultPage.<init>(FlightResultPage.java:18)
	at com.cleartrip.pageobjects.FlightResultPage.<init>(FlightResultPage.java:18)
	at com.cleartrip.pageobjects.FlightResultPage.<init>(FlightResultPage.java:18)
	at com.cleartrip.pageobjects.FlightResultPage.<init>(FlightResultPage.java:18)
	at com.cleartrip.pageobjects.FlightResultPage.<init>(FlightResultPage.java:18)
	at com.cleartrip.pageobjects.FlightResultPage.<init>(FlightResultPage.java:18)
	at com.cleartrip.pageobjects.FlightResultPage.<init>(FlightResultPage.java:18)
	at com.cleartrip.pageobjects.FlightResultPage.<init>(FlightResultPage.java:18)
	at com.cleartrip.pageobjects.FlightResultPage.<init>(FlightResultPage.java:18)
	at com.cleartrip.pageobjects.FlightResultPage.<init>(FlightResultPage.java:18)
	at com.cleartrip.pageobjects.FlightResultPage.<init>(FlightResultPage.java:18)
	at com.cleartrip.pageobjects.FlightResultPage.<init>(FlightResultPage.java:18)
	at com.cleartrip.pageobjects.FlightResultPage.<init>(FlightResultPage.java:18)
	at com.cleartrip.pageobjects.FlightResultPage.<init>(FlightResultPage.java:18)
	at com.cleartrip.pageobjects.FlightResultPage.<init>(FlightResultPage.java:18)
	at com.cleartrip.pageobjects.FlightResultPage.<init>(FlightResultPage.java:18)
	at com.cleartrip.pageobjects.FlightResultPage.<init>(FlightResultPage.java:18)
	at com.cleartrip.pageobjects.FlightResultPage.<init>(FlightResultPage.java:18)
	at com.cleartrip.pageobjects.FlightResultPage.<init>(FlightResultPage.java:18)
	at com.cleartrip.pageobjects.FlightResultPage.<init>(FlightResultPage.java:18)
	at com.cleartrip.pageobjects.FlightResultPage.<init>(FlightResultPage.java:18)
	at com.cleartrip.pageobjects.FlightResultPage.<init>(FlightResultPage.java:18)
	at com.cleartrip.pageobjects.FlightResultPage.<init>(FlightResultPage.java:18)
	at com.cleartrip.pageobjects.FlightResultPage.<init>(FlightResultPage.java:18)
	at com.cleartrip.pageobjects.FlightResultPage.<init>(FlightResultPage.java:18)
	at com.cleartrip.pageobjects.FlightResultPage.<init>(FlightResultPage.java:18)
	at com.cleartrip.pageobjects.FlightResultPage.<init>(FlightResultPage.java:18)
	at com.cleartrip.pageobjects.FlightResultPage.<init>(FlightResultPage.java:18)
	at com.cleartrip.pageobjects.FlightResultPage.<init>(FlightResultPage.java:18)
	at com.cleartrip.pageobjects.FlightResultPage.<init>(FlightResultPage.java:18)
	at com.cleartrip.pageobjects.FlightResultPage.<init>(FlightResultPage.java:18)
	at com.cleartrip.pageobjects.FlightResultPage.<init>(FlightResultPage.java:18)
	at com.cleartrip.pageobjects.FlightResultPage.<init>(FlightResultPage.java:18)
	at com.cleartrip.pageobjects.FlightResultPage.<init>(FlightResultPage.java:18)
	at com.cleartrip.pageobjects.FlightResultPage.<init>(FlightResultPage.java:18)
	at com.cleartrip.pageobjects.FlightResultPage.<init>(FlightResultPage.java:18)
	at com.cleartrip.pageobjects.FlightResultPage.<init>(FlightResultPage.java:18)
	at com.cleartrip.pageobjects.FlightResultPage.<init>(FlightResultPage.java:18)
	at com.cleartrip.pageobjects.FlightResultPage.<init>(FlightResultPage.java:18)
	at com.cleartrip.pageobjects.FlightResultPage.<init>(FlightResultPage.java:18)
	at com.cleartrip.pageobjects.FlightResultPage.<init>(FlightResultPage.java:18)
	at com.cleartrip.pageobjects.FlightResultPage.<init>(FlightResultPage.java:18)
	at com.cleartrip.pageobjects.FlightResultPage.<init>(FlightResultPage.java:18)
	at com.cleartrip.pageobjects.FlightResultPage.<init>(FlightResultPage.java:18)
	at com.cleartrip.pageobjects.FlightResultPage.<init>(FlightResultPage.java:18)
	at com.cleartrip.pageobjects.FlightResultPage.<init>(FlightResultPage.java:18)
	at com.cleartrip.pageobjects.FlightResultPage.<init>(FlightResultPage.java:18)
	at com.cleartrip.pageobjects.FlightResultPage.<init>(FlightResultPage.java:18)
	at com.cleartrip.pageobjects.FlightResultPage.<init>(FlightResultPage.java:18)
	at com.cleartrip.pageobjects.FlightResultPage.<init>(FlightResultPage.java:18)
	at com.cleartrip.pageobjects.FlightResultPage.<init>(FlightResultPage.java:18)
	at com.cleartrip.pageobjects.FlightResultPage.<init>(FlightResultPage.java:18)
	at com.cleartrip.pageobjects.FlightResultPage.<init>(FlightResultPage.java:18)
	at com.cleartrip.pageobjects.FlightResultPage.<init>(FlightResultPage.java:18)
	at com.cleartrip.pageobjects.FlightResultPage.<init>(FlightResultPage.java:18)
	at com.cleartrip.pageobjects.FlightResultPage.<init>(FlightResultPage.java:18)
	at com.cleartrip.pageobjects.FlightResultPage.<init>(FlightResultPage.java:18)
	at com.cleartrip.pageobjects.FlightResultPage.<init>(FlightResultPage.java:18)
	at com.cleartrip.pageobjects.FlightResultPage.<init>(FlightResultPage.java:18)
	at com.cleartrip.pageobjects.FlightResultPage.<init>(FlightResultPage.java:18)
	at com.cleartrip.pageobjects.FlightResultPage.<init>(FlightResultPage.java:18)
	at com.cleartrip.pageobjects.FlightResultPage.<init>(FlightResultPage.java:18)
	at com.cleartrip.pageobjects.FlightResultPage.<init>(FlightResultPage.java:18)
	at com.cleartrip.pageobjects.FlightResultPage.<init>(FlightResultPage.java:18)
	at com.cleartrip.pageobjects.FlightResultPage.<init>(FlightResultPage.java:18)
	at com.cleartrip.pageobjects.FlightResultPage.<init>(FlightResultPage.java:18)
	at com.cleartrip.pageobjects.FlightResultPage.<init>(FlightResultPage.java:18)
	at com.cleartrip.pageobjects.FlightResultPage.<init>(FlightResultPage.java:18)
	at com.cleartrip.pageobjects.FlightResultPage.<init>(FlightResultPage.java:18)
	at com.cleartrip.pageobjects.FlightResultPage.<init>(FlightResultPage.java:18)
	at com.cleartrip.pageobjects.FlightResultPage.<init>(FlightResultPage.java:18)
	at com.cleartrip.pageobjects.FlightResultPage.<init>(FlightResultPage.java:18)
	at com.cleartrip.pageobjects.FlightResultPage.<init>(FlightResultPage.java:18)
	at com.cleartrip.pageobjects.FlightResultPage.<init>(FlightResultPage.java:18)
	at com.cleartrip.pageobjects.FlightResultPage.<init>(FlightResultPage.java:18)
	at com.cleartrip.pageobjects.FlightResultPage.<init>(FlightResultPage.java:18)
	at com.cleartrip.pageobjects.FlightResultPage.<init>(FlightResultPage.java:18)
	at com.cleartrip.pageobjects.FlightResultPage.<init>(FlightResultPage.java:18)
	at com.cleartrip.pageobjects.FlightResultPage.<init>(FlightResultPage.java:18)
	at com.cleartrip.pageobjects.FlightResultPage.<init>(FlightResultPage.java:18)
	at com.cleartrip.pageobjects.FlightResultPage.<init>(FlightResultPage.java:18)
	at com.cleartrip.pageobjects.FlightResultPage.<init>(FlightResultPage.java:18)
	at com.cleartrip.pageobjects.FlightResultPage.<init>(FlightResultPage.java:18)
	at com.cleartrip.pageobjects.FlightResultPage.<init>(FlightResultPage.java:18)
	at com.cleartrip.pageobjects.FlightResultPage.<init>(FlightResultPage.java:18)
	at com.cleartrip.pageobjects.FlightResultPage.<init>(FlightResultPage.java:18)
	at com.cleartrip.pageobjects.FlightResultPage.<init>(FlightResultPage.java:18)
	at com.cleartrip.pageobjects.FlightResultPage.<init>(FlightResultPage.java:18)
	at com.cleartrip.pageobjects.FlightResultPage.<init>(FlightResultPage.java:18)
	at com.cleartrip.pageobjects.FlightResultPage.<init>(FlightResultPage.java:18)
	at com.cleartrip.pageobjects.FlightResultPage.<init>(FlightResultPage.java:18)
	at com.cleartrip.pageobjects.FlightResultPage.<init>(FlightResultPage.java:18)
	at com.cleartrip.pageobjects.FlightResultPage.<init>(FlightResultPage.java:18)
	at com.cleartrip.pageobjects.FlightResultPage.<init>(FlightResultPage.java:18)
	at com.cleartrip.pageobjects.FlightResultPage.<init>(FlightResultPage.java:18)
	at com.cleartrip.pageobjects.FlightResultPage.<init>(FlightResultPage.java:18)
	at com.cleartrip.pageobjects.FlightResultPage.<init>(FlightResultPage.java:18)
	at com.cleartrip.pageobjects.FlightResultPage.<init>(FlightResultPage.java:18)
	at com.cleartrip.pageobjects.FlightResultPage.<init>(FlightResultPage.java:18)
	at com.cleartrip.pageobjects.FlightResultPage.<init>(FlightResultPage.java:18)
	at com.cleartrip.pageobjects.FlightResultPage.<init>(FlightResultPage.java:18)
	at com.cleartrip.pageobjects.FlightResultPage.<init>(FlightResultPage.java:18)
	at com.cleartrip.pageobjects.FlightResultPage.<init>(FlightResultPage.java:18)
	at com.cleartrip.pageobjects.FlightResultPage.<init>(FlightResultPage.java:18)
	at com.cleartrip.pageobjects.FlightResultPage.<init>(FlightResultPage.java:18)
	at com.cleartrip.pageobjects.FlightResultPage.<init>(FlightResultPage.java:18)
	at com.cleartrip.pageobjects.FlightResultPage.<init>(FlightResultPage.java:18)
	at com.cleartrip.pageobjects.FlightResultPage.<init>(FlightResultPage.java:18)
	at com.cleartrip.pageobjects.FlightResultPage.<init>(FlightResultPage.java:18)
	at com.cleartrip.pageobjects.FlightResultPage.<init>(FlightResultPage.java:18)
	at com.cleartrip.pageobjects.FlightResultPage.<init>(FlightResultPage.java:18)
	at com.cleartrip.pageobjects.FlightResultPage.<init>(FlightResultPage.java:18)
	at com.cleartrip.pageobjects.FlightResultPage.<init>(FlightResultPage.java:18)
	at com.cleartrip.pageobjects.FlightResultPage.<init>(FlightResultPage.java:18)
	at com.cleartrip.pageobjects.FlightResultPage.<init>(FlightResultPage.java:18)
	at com.cleartrip.pageobjects.FlightResultPage.<init>(FlightResultPage.java:18)
	at com.cleartrip.pageobjects.FlightResultPage.<init>(FlightResultPage.java:18)
	at com.cleartrip.pageobjects.FlightResultPage.<init>(FlightResultPage.java:18)
	at com.cleartrip.pageobjects.FlightResultPage.<init>(FlightResultPage.java:18)
	at com.cleartrip.pageobjects.FlightResultPage.<init>(FlightResultPage.java:18)
	at com.cleartrip.pageobjects.FlightResultPage.<init>(FlightResultPage.java:18)
	at com.cleartrip.pageobjects.FlightResultPage.<init>(FlightResultPage.java:18)
	at com.cleartrip.pageobjects.FlightResultPage.<init>(FlightResultPage.java:18)
	at com.cleartrip.pageobjects.FlightResultPage.<init>(FlightResultPage.java:18)
	at com.cleartrip.pageobjects.FlightResultPage.<init>(FlightResultPage.java:18)
	at com.cleartrip.pageobjects.FlightResultPage.<init>(FlightResultPage.java:18)
	at com.cleartrip.pageobjects.FlightResultPage.<init>(FlightResultPage.java:18)
	at com.cleartrip.pageobjects.FlightResultPage.<init>(FlightResultPage.java:18)
	at com.cleartrip.pageobjects.FlightResultPage.<init>(FlightResultPage.java:18)
	at com.cleartrip.pageobjects.FlightResultPage.<init>(FlightResultPage.java:18)
	at com.cleartrip.pageobjects.FlightResultPage.<init>(FlightResultPage.java:18)
	at com.cleartrip.pageobjects.FlightResultPage.<init>(FlightResultPage.java:18)
	at com.cleartrip.pageobjects.FlightResultPage.<init>(FlightResultPage.java:18)
	at com.cleartrip.pageobjects.FlightResultPage.<init>(FlightResultPage.java:18)
	at com.cleartrip.pageobjects.FlightResultPage.<init>(FlightResultPage.java:18)
	at com.cleartrip.pageobjects.FlightResultPage.<init>(FlightResultPage.java:18)
	at com.cleartrip.pageobjects.FlightResultPage.<init>(FlightResultPage.java:18)
	at com.cleartrip.pageobjects.FlightResultPage.<init>(FlightResultPage.java:18)
	at com.cleartrip.pageobjects.FlightResultPage.<init>(FlightResultPage.java:18)
	at com.cleartrip.pageobjects.FlightResultPage.<init>(FlightResultPage.java:18)
	at com.cleartrip.pageobjects.FlightResultPage.<init>(FlightResultPage.java:18)
	at com.cleartrip.pageobjects.FlightResultPage.<init>(FlightResultPage.java:18)
	at com.cleartrip.pageobjects.FlightResultPage.<init>(FlightResultPage.java:18)
	at com.cleartrip.pageobjects.FlightResultPage.<init>(FlightResultPage.java:18)
	at com.cleartrip.pageobjects.FlightResultPage.<init>(FlightResultPage.java:18)
	at com.cleartrip.pageobjects.FlightResultPage.<init>(FlightResultPage.java:18)
	at com.cleartrip.pageobjects.FlightResultPage.<init>(FlightResultPage.java:18)
	at com.cleartrip.pageobjects.FlightResultPage.<init>(FlightResultPage.java:18)
	at com.cleartrip.pageobjects.FlightResultPage.<init>(FlightResultPage.java:18)
	at com.cleartrip.pageobjects.FlightResultPage.<init>(FlightResultPage.java:18)
	at com.cleartrip.pageobjects.FlightResultPage.<init>(FlightResultPage.java:18)
	at com.cleartrip.pageobjects.FlightResultPage.<init>(FlightResultPage.java:18)
	at com.cleartrip.pageobjects.FlightResultPage.<init>(FlightResultPage.java:18)
	at com.cleartrip.pageobjects.FlightResultPage.<init>(FlightResultPage.java:18)
	at com.cleartrip.pageobjects.FlightResultPage.<init>(FlightResultPage.java:18)
	at com.cleartrip.pageobjects.FlightResultPage.<init>(FlightResultPage.java:18)
	at com.cleartrip.pageobjects.FlightResultPage.<init>(FlightResultPage.java:18)
	at com.cleartrip.pageobjects.FlightResultPage.<init>(FlightResultPage.java:18)
	at com.cleartrip.pageobjects.FlightResultPage.<init>(FlightResultPage.java:18)
	at com.cleartrip.pageobjects.FlightResultPage.<init>(FlightResultPage.java:18)
	at com.cleartrip.pageobjects.FlightResultPage.<init>(FlightResultPage.java:18)
	at com.cleartrip.pageobjects.FlightResultPage.<init>(FlightResultPage.java:18)
	at com.cleartrip.pageobjects.FlightResultPage.<init>(FlightResultPage.java:18)
	at com.cleartrip.pageobjects.FlightResultPage.<init>(FlightResultPage.java:18)
	at com.cleartrip.pageobjects.FlightResultPage.<init>(FlightResultPage.java:18)
	at com.cleartrip.pageobjects.FlightResultPage.<init>(FlightResultPage.java:18)
	at com.cleartrip.pageobjects.FlightResultPage.<init>(FlightResultPage.java:18)
	at com.cleartrip.pageobjects.FlightResultPage.<init>(FlightResultPage.java:18)
	at com.cleartrip.pageobjects.FlightResultPage.<init>(FlightResultPage.java:18)
	at com.cleartrip.pageobjects.FlightResultPage.<init>(FlightResultPage.java:18)
	at com.cleartrip.pageobjects.FlightResultPage.<init>(FlightResultPage.java:18)
	at com.cleartrip.pageobjects.FlightResultPage.<init>(FlightResultPage.java:18)
	at com.cleartrip.pageobjects.FlightResultPage.<init>(FlightResultPage.java:18)
	at com.cleartrip.pageobjects.FlightResultPage.<init>(FlightResultPage.java:18)
	at com.cleartrip.pageobjects.FlightResultPage.<init>(FlightResultPage.java:18)
	at com.cleartrip.pageobjects.FlightResultPage.<init>(FlightResultPage.java:18)
	at com.cleartrip.pageobjects.FlightResultPage.<init>(FlightResultPage.java:18)
	at com.cleartrip.pageobjects.FlightResultPage.<init>(FlightResultPage.java:18)
	at com.cleartrip.pageobjects.FlightResultPage.<init>(FlightResultPage.java:18)
	at com.cleartrip.pageobjects.FlightResultPage.<init>(FlightResultPage.java:18)
	at com.cleartrip.pageobjects.FlightResultPage.<init>(FlightResultPage.java:18)
	at com.cleartrip.pageobjects.FlightResultPage.<init>(FlightResultPage.java:18)
	at com.cleartrip.pageobjects.FlightResultPage.<init>(FlightResultPage.java:18)
	at com.cleartrip.pageobjects.FlightResultPage.<init>(FlightResultPage.java:18)
	at com.cleartrip.pageobjects.FlightResultPage.<init>(FlightResultPage.java:18)
	at com.cleartrip.pageobjects.FlightResultPage.<init>(FlightResultPage.java:18)
	at com.cleartrip.pageobjects.FlightResultPage.<init>(FlightResultPage.java:18)
	at com.cleartrip.pageobjects.FlightResultPage.<init>(FlightResultPage.java:18)
	at com.cleartrip.pageobjects.FlightResultPage.<init>(FlightResultPage.java:18)
	at com.cleartrip.pageobjects.FlightResultPage.<init>(FlightResultPage.java:18)
	at com.cleartrip.pageobjects.FlightResultPage.<init>(FlightResultPage.java:18)
	at com.cleartrip.pageobjects.FlightResultPage.<init>(FlightResultPage.java:18)
	at com.cleartrip.pageobjects.FlightResultPage.<init>(FlightResultPage.java:18)
	at com.cleartrip.pageobjects.FlightResultPage.<init>(FlightResultPage.java:18)
	at com.cleartrip.pageobjects.FlightResultPage.<init>(FlightResultPage.java:18)
	at com.cleartrip.pageobjects.FlightResultPage.<init>(FlightResultPage.java:18)
	at com.cleartrip.pageobjects.FlightResultPage.<init>(FlightResultPage.java:18)
	at com.cleartrip.pageobjects.FlightResultPage.<init>(FlightResultPage.java:18)
	at com.cleartrip.pageobjects.FlightResultPage.<init>(FlightResultPage.java:18)
	at com.cleartrip.pageobjects.FlightResultPage.<init>(FlightResultPage.java:18)
	at com.cleartrip.pageobjects.FlightResultPage.<init>(FlightResultPage.java:18)
	at com.cleartrip.pageobjects.FlightResultPage.<init>(FlightResultPage.java:18)
	at com.cleartrip.pageobjects.FlightResultPage.<init>(FlightResultPage.java:18)
	at com.cleartrip.pageobjects.FlightResultPage.<init>(FlightResultPage.java:18)
	at com.cleartrip.pageobjects.FlightResultPage.<init>(FlightResultPage.java:18)
	at com.cleartrip.pageobjects.FlightResultPage.<init>(FlightResultPage.java:18)
	at com.cleartrip.pageobjects.FlightResultPage.<init>(FlightResultPage.java:18)
	at com.cleartrip.pageobjects.FlightResultPage.<init>(FlightResultPage.java:18)
	at com.cleartrip.pageobjects.FlightResultPage.<init>(FlightResultPage.java:18)
	at com.cleartrip.pageobjects.FlightResultPage.<init>(FlightResultPage.java:18)
	at com.cleartrip.pageobjects.FlightResultPage.<init>(FlightResultPage.java:18)
	at com.cleartrip.pageobjects.FlightResultPage.<init>(FlightResultPage.java:18)
	at com.cleartrip.pageobjects.FlightResultPage.<init>(FlightResultPage.java:18)
	at com.cleartrip.pageobjects.FlightResultPage.<init>(FlightResultPage.java:18)
	at com.cleartrip.pageobjects.FlightResultPage.<init>(FlightResultPage.java:18)
	at com.cleartrip.pageobjects.FlightResultPage.<init>(FlightResultPage.java:18)
	at com.cleartrip.pageobjects.FlightResultPage.<init>(FlightResultPage.java:18)
	at com.cleartrip.pageobjects.FlightResultPage.<init>(FlightResultPage.java:18)
	at com.cleartrip.pageobjects.FlightResultPage.<init>(FlightResultPage.java:18)
	at com.cleartrip.pageobjects.FlightResultPage.<init>(FlightResultPage.java:18)
	at com.cleartrip.pageobjects.FlightResultPage.<init>(FlightResultPage.java:18)
	at com.cleartrip.pageobjects.FlightResultPage.<init>(FlightResultPage.java:18)
	at com.cleartrip.pageobjects.FlightResultPage.<init>(FlightResultPage.java:18)
	at com.cleartrip.pageobjects.FlightResultPage.<init>(FlightResultPage.java:18)
	at com.cleartrip.pageobjects.FlightResultPage.<init>(FlightResultPage.java:18)
	at com.cleartrip.pageobjects.FlightResultPage.<init>(FlightResultPage.java:18)
	at com.cleartrip.pageobjects.FlightResultPage.<init>(FlightResultPage.java:18)
	at com.cleartrip.pageobjects.FlightResultPage.<init>(FlightResultPage.java:18)
	at com.cleartrip.pageobjects.FlightResultPage.<init>(FlightResultPage.java:18)
	at com.cleartrip.pageobjects.FlightResultPage.<init>(FlightResultPage.java:18)
	at com.cleartrip.pageobjects.FlightResultPage.<init>(FlightResultPage.java:18)
	at com.cleartrip.pageobjects.FlightResultPage.<init>(FlightResultPage.java:18)
	at com.cleartrip.pageobjects.FlightResultPage.<init>(FlightResultPage.java:18)
	at com.cleartrip.pageobjects.FlightResultPage.<init>(FlightResultPage.java:18)
	at com.cleartrip.pageobjects.FlightResultPage.<init>(FlightResultPage.java:18)
	at com.cleartrip.pageobjects.FlightResultPage.<init>(FlightResultPage.java:18)
	at com.cleartrip.pageobjects.FlightResultPage.<init>(FlightResultPage.java:18)
	at com.cleartrip.pageobjects.FlightResultPage.<init>(FlightResultPage.java:18)
	at com.cleartrip.pageobjects.FlightResultPage.<init>(FlightResultPage.java:18)
	at com.cleartrip.pageobjects.FlightResultPage.<init>(FlightResultPage.java:18)
	at com.cleartrip.pageobjects.FlightResultPage.<init>(FlightResultPage.java:18)
	at com.cleartrip.pageobjects.FlightResultPage.<init>(FlightResultPage.java:18)
	at com.cleartrip.pageobjects.FlightResultPage.<init>(FlightResultPage.java:18)
	at com.cleartrip.pageobjects.FlightResultPage.<init>(FlightResultPage.java:18)
	at com.cleartrip.pageobjects.FlightResultPage.<init>(FlightResultPage.java:18)
	at com.cleartrip.pageobjects.FlightResultPage.<init>(FlightResultPage.java:18)
	at com.cleartrip.pageobjects.FlightResultPage.<init>(FlightResultPage.java:18)
	at com.cleartrip.pageobjects.FlightResultPage.<init>(FlightResultPage.java:18)
	at com.cleartrip.pageobjects.FlightResultPage.<init>(FlightResultPage.java:18)
	at com.cleartrip.pageobjects.FlightResultPage.<init>(FlightResultPage.java:18)
	at com.cleartrip.pageobjects.FlightResultPage.<init>(FlightResultPage.java:18)
	at com.cleartrip.pageobjects.FlightResultPage.<init>(FlightResultPage.java:18)
	at com.cleartrip.pageobjects.FlightResultPage.<init>(FlightResultPage.java:18)
	at com.cleartrip.pageobjects.FlightResultPage.<init>(FlightResultPage.java:18)
	at com.cleartrip.pageobjects.FlightResultPage.<init>(FlightResultPage.java:18)
	at com.cleartrip.pageobjects.FlightResultPage.<init>(FlightResultPage.java:18)
	at com.cleartrip.pageobjects.FlightResultPage.<init>(FlightResultPage.java:18)
	at com.cleartrip.pageobjects.FlightResultPage.<init>(FlightResultPage.java:18)
	at com.cleartrip.pageobjects.FlightResultPage.<init>(FlightResultPage.java:18)
	at com.cleartrip.pageobjects.FlightResultPage.<init>(FlightResultPage.java:18)
	at com.cleartrip.pageobjects.FlightResultPage.<init>(FlightResultPage.java:18)
	at com.cleartrip.pageobjects.FlightResultPage.<init>(FlightResultPage.java:18)
	at com.cleartrip.pageobjects.FlightResultPage.<init>(FlightResultPage.java:18)
	at com.cleartrip.pageobjects.FlightResultPage.<init>(FlightResultPage.java:18)
	at com.cleartrip.pageobjects.FlightResultPage.<init>(FlightResultPage.java:18)
	at com.cleartrip.pageobjects.FlightResultPage.<init>(FlightResultPage.java:18)
	at com.cleartrip.pageobjects.FlightResultPage.<init>(FlightResultPage.java:18)
	at com.cleartrip.pageobjects.FlightResultPage.<init>(FlightResultPage.java:18)
	at com.cleartrip.pageobjects.FlightResultPage.<init>(FlightResultPage.java:18)
	at com.cleartrip.pageobjects.FlightResultPage.<init>(FlightResultPage.java:18)
	at com.cleartrip.pageobjects.FlightResultPage.<init>(FlightResultPage.java:18)
	at com.cleartrip.pageobjects.FlightResultPage.<init>(FlightResultPage.java:18)
	at com.cleartrip.pageobjects.FlightResultPage.<init>(FlightResultPage.java:18)
	at com.cleartrip.pageobjects.FlightResultPage.<init>(FlightResultPage.java:18)
	at com.cleartrip.pageobjects.FlightResultPage.<init>(FlightResultPage.java:18)
	at com.cleartrip.pageobjects.FlightResultPage.<init>(FlightResultPage.java:18)
	at com.cleartrip.pageobjects.FlightResultPage.<init>(FlightResultPage.java:18)
	at com.cleartrip.pageobjects.FlightResultPage.<init>(FlightResultPage.java:18)
	at com.cleartrip.pageobjects.FlightResultPage.<init>(FlightResultPage.java:18)
	at com.cleartrip.pageobjects.FlightResultPage.<init>(FlightResultPage.java:18)
	at com.cleartrip.pageobjects.FlightResultPage.<init>(FlightResultPage.java:18)
	at com.cleartrip.pageobjects.FlightResultPage.<init>(FlightResultPage.java:18)
	at com.cleartrip.pageobjects.FlightResultPage.<init>(FlightResultPage.java:18)
	at com.cleartrip.pageobjects.FlightResultPage.<init>(FlightResultPage.java:18)
	at com.cleartrip.pageobjects.FlightResultPage.<init>(FlightResultPage.java:18)
	at com.cleartrip.pageobjects.FlightResultPage.<init>(FlightResultPage.java:18)
	at com.cleartrip.pageobjects.FlightResultPage.<init>(FlightResultPage.java:18)
	at com.cleartrip.pageobjects.FlightResultPage.<init>(FlightResultPage.java:18)
	at com.cleartrip.pageobjects.FlightResultPage.<init>(FlightResultPage.java:18)
	at com.cleartrip.pageobjects.FlightResultPage.<init>(FlightResultPage.java:18)
	at com.cleartrip.pageobjects.FlightResultPage.<init>(FlightResultPage.java:18)
	at com.cleartrip.pageobjects.FlightResultPage.<init>(FlightResultPage.java:18)
	at com.cleartrip.pageobjects.FlightResultPage.<init>(FlightResultPage.java:18)
	at com.cleartrip.pageobjects.FlightResultPage.<init>(FlightResultPage.java:18)
	at com.cleartrip.pageobjects.FlightResultPage.<init>(FlightResultPage.java:18)
	at com.cleartrip.pageobjects.FlightResultPage.<init>(FlightResultPage.java:18)
	at com.cleartrip.pageobjects.FlightResultPage.<init>(FlightResultPage.java:18)
	at com.cleartrip.pageobjects.FlightResultPage.<init>(FlightResultPage.java:18)
	at com.cleartrip.pageobjects.FlightResultPage.<init>(FlightResultPage.java:18)
	at com.cleartrip.pageobjects.FlightResultPage.<init>(FlightResultPage.java:18)
	at com.cleartrip.pageobjects.FlightResultPage.<init>(FlightResultPage.java:18)
	at com.cleartrip.pageobjects.FlightResultPage.<init>(FlightResultPage.java:18)
	at com.cleartrip.pageobjects.FlightResultPage.<init>(FlightResultPage.java:18)
	at com.cleartrip.pageobjects.FlightResultPage.<init>(FlightResultPage.java:18)
	at com.cleartrip.pageobjects.FlightResultPage.<init>(FlightResultPage.java:18)
	at com.cleartrip.pageobjects.FlightResultPage.<init>(FlightResultPage.java:18)
	at com.cleartrip.pageobjects.FlightResultPage.<init>(FlightResultPage.java:18)
	at com.cleartrip.pageobjects.FlightResultPage.<init>(FlightResultPage.java:18)
	at com.cleartrip.pageobjects.FlightResultPage.<init>(FlightResultPage.java:18)
	at com.cleartrip.pageobjects.FlightResultPage.<init>(FlightResultPage.java:18)
	at com.cleartrip.pageobjects.FlightResultPage.<init>(FlightResultPage.java:18)
	at com.cleartrip.pageobjects.FlightResultPage.<init>(FlightResultPage.java:18)
	at com.cleartrip.pageobjects.FlightResultPage.<init>(FlightResultPage.java:18)
	at com.cleartrip.pageobjects.FlightResultPage.<init>(FlightResultPage.java:18)
	at com.cleartrip.pageobjects.FlightResultPage.<init>(FlightResultPage.java:18)
	at com.cleartrip.pageobjects.FlightResultPage.<init>(FlightResultPage.java:18)
	at com.cleartrip.pageobjects.FlightResultPage.<init>(FlightResultPage.java:18)
]]>
    </failure>
  </testcase> <!-- bookingFlight -->
</testsuite> <!-- com.cleartrip.testcases.FlightResultPageTest -->
